MPASM 5.84                NEWASMTEMPLATE.ASM   10-26-2022  21:07:58         PAGE  1


LOC  OBJECT CODE     LINE SOURCE TEXT
  VALUE

                      00001     LIST        P=16F877A
                      00002     INCLUDE     P16F877.INC
                      00001         LIST
                      00002 
                      00003 ;==========================================================================
                      00004 ; Build date : Mar 17 2019
                      00005 ;  MPASM PIC16F877 processor include
                      00006 ; 
                      00007 ;  (c) Copyright 1999-2019 Microchip Technology, All rights reserved
                      00008 ;==========================================================================
                      00009 
Message[301]: MESSAGE: (Processor-header file mismatch.  Verify selected processor.)
                      00541         LIST
                      00003     radix       dec
2007   3D71           00004     __CONFIG _CP_OFF &_WDT_OFF & _BODEN_ON & _PWRTE_ON & _XT_OSC & _WRT_ENABLE_OFF & _LVP_OFF & _DEBUG_O
                            FF & _CPD_OFF
                      00005 
                      00006     ; Reset vector
                      00007     org 0x00
                      00008     ; ---------- Initialization ---------------------------------
0000   1683           00009     BSF     STATUS, RP0                 ; Select Bank1
Message[302]: Register in operand not in bank 0.  Ensure that bank bits are correct.
0001   0186           00010     CLRF    TRISB                       ; Set all pins of PORTB as output
Message[302]: Register in operand not in bank 0.  Ensure that bank bits are correct.
0002   0188           00011     CLRF    TRISD                       ; Set all pins of PORTD as output
0003   1283           00012     BCF     STATUS, RP0                 ; Select Bank0    
0004   0186           00013     CLRF    PORTB                       ; Turn off all LEDs connected to PORTB
0005   0188           00014     CLRF    PORTD                       ; Turn off all LEDs connected to PORTD
                      00015     
                      00016     ; ---------- Your code starts here --------------------------
                      00017     
                      00018     ; NAME      : 
                      00019     ; SURNAME   : 
                      00020     ; NUMBER    : 1521201810
                      00021     
  00000020            00022 r       EQU     0x20
  00000021            00023 r1      EQU     0x21
  00000022            00024 r2      EQU     0x22
  00000023            00025 r3      EQU     0x23
  00000024            00026 r4      EQU     0x24
  00000025            00027 x       EQU     0x25
  00000026            00028 y       EQU     0x26
  00000027            00029 z       EQU     0x27
                      00030         
0006   300A           00031     MOVLW   d'10'       ; WREG = 5
0007   00A5           00032     MOVWF   x           ; [x] = WREG
0008   300B           00033     MOVLW   d'11'       ; WREG = 6
0009   00A6           00034     MOVWF   y           ; [y] = WREG
000A   300C           00035     MOVLW   d'12'       ; WREG = 7
000B   00A7           00036     MOVWF   z           ; [z] = WREG
                      00037 
                      00038     ;;;;;;;;;;;;;;;;;;;;;;;;;;;;;;;;;;;;;;;;;;;;;;;;;;;;;;;;;;;;;;;;;;;;;;;;
                      00039     
MPASM 5.84                NEWASMTEMPLATE.ASM   10-26-2022  21:07:58         PAGE  2


LOC  OBJECT CODE     LINE SOURCE TEXT
  VALUE

                      00040     ; r1 = (5 * x - 2 * y + z - 3); ==> 17 ==> r1       EQU     0x21
000C   0825           00041     MOVF    x, W        ; WREG = [x]
000D   0725           00042     ADDWF   x, W        ; WREG = [x] + WREG => x + x   = 2*x
000E   0725           00043     ADDWF   x, W        ; WREG = [x] + WREG => x + 2*x = 3*x
000F   0725           00044     ADDWF   x, W        ; WREG = [x] + WREG => x + 3*x = 4*x
0010   0725           00045     ADDWF   x, W        ; WREG = [x] + WREG => x + 4*x = 5*x
0011   00A1           00046     MOVWF   r1          ; [r1] = WREG       => r1 = 5*x
                      00047 
0012   0826           00048     MOVF    y, W        ; WREG = [y]
0013   0726           00049     ADDWF   y, W        ; WREG = [y] + WREG => y + y   = 2*y
                      00050 
0014   0221           00051     SUBWF   r1, W       ; WREG = [r1] - WREG => 5*x - 2*y
                      00052 
0015   0727           00053     ADDWF   z, W        ; WREG = [z] + WREG => z + (5*x - 2*y)
                      00054     
0016   00A1           00055     MOVWF   r1          ; [r1] = WREG ==> r1 = 5*x - 2*y + z
0017   3003           00056     MOVLW   d'3'        ; WREG = 3
0018   0221           00057     SUBWF   r1, W       ; WREG = [r1] - WREG => (5*x - 2*y + z) - 3
0019   00A1           00058     MOVWF   r1          ; [r1] = WREG ==> r1 = 5*x - 2*y + z - 3
                      00059 
                      00060     ;;;;;;;;;;;;;;;;;;;;;;;;;;;;;;;;;;;;;;;;;;;;;;;;;;;;;;;;;;;;;;;;;;;;;;;;
                      00061     
                      00062     ; r2 = (x + 5) * 4 - 3 * y + z; ==> 29 ==> r2       EQU     0x22
001A   3005           00063     MOVLW   d'5'        ; WREG = 5
001B   0725           00064     ADDWF   x, W        ; WREG = [x] + WREG => x + 5
001C   00A2           00065     MOVWF   r2          ; [r2] = WREG ==> r2 = (x + 5)
001D   0722           00066     ADDWF   r2, W       ; WREG = [r2] + WREG => (x + 5) + (x + 5) = 2*(x + 5)
001E   0722           00067     ADDWF   r2, W       ; WREG = [r2] + WREG => (x + 5) + 2*(x + 5) = 3*(x + 5)
001F   0722           00068     ADDWF   r2, W       ; WREG = [r2] + WREG => (x + 5) + 3*(x + 5) = 4*(x + 5)
0020   00A2           00069     MOVWF   r2          ; [r2] = WREG ==> r2 = 4*(x + 5)
                      00070     
0021   0826           00071     MOVF    y, W        ; WREF = [y]
0022   0726           00072     ADDWF   y, W        ; WREG = [y] + WREG => y + y = 2*y
0023   0726           00073     ADDWF   y, W        ; WREG = [y] + WREG => y + 2*y = 3*y
0024   0222           00074     SUBWF   r2, W       ; WREG = [r2] - WREG => 4*(x + 5) - 3*y
0025   0727           00075     ADDWF   z, W        ; WREG = [z] + WREG => z + (4*(x + 5) - 3*y)
0026   00A2           00076     MOVWF   r2          ; [r2] = WREG => r2 = 4*(x + 5) - 3*y + z
                      00077     
                      00078     ;;;;;;;;;;;;;;;;;;;;;;;;;;;;;;;;;;;;;;;;;;;;;;;;;;;;;;;;;;;;;;;;;;;;;;;;
                      00079     
                      00080     ; r3 = x / 2 + y / 2 + z / 4  ==> 2 + 3 + 1 = 6 ==> r3      EQU     0x23
0027   1003           00081     BCF     STATUS, C   ; Clear bit
0028   0C25           00082     RRF     x,  W       ; WREG = ([x]>>1) => [x] = x/2
0029   00A3           00083     MOVWF   r3          ; [r3] = WREG => [r3] = x/2
002A   0826           00084     MOVF    y,  W       ; WREG = [y]
002B   1003           00085     BCF     STATUS, C   ; Clear bit
002C   0C26           00086     RRF     y,  W       ; WREG = ([y]>>1) => [y] = y/2
                      00087     
002D   0723           00088     ADDWF   r3, W       ; WREG = [r3] + WREG => x/2 + y/2
002E   00A3           00089     MOVWF   r3          ; [r3] = WREG => [r3] = x/2 + y/2
002F   0827           00090     MOVF    z,  W       ; WREG = [z]
0030   1003           00091     BCF     STATUS, C   ; Clear bit
0031   0C27           00092     RRF     z,  W       ; WREG = ([z]>>1) => [z] = z/2
MPASM 5.84                NEWASMTEMPLATE.ASM   10-26-2022  21:07:58         PAGE  3


LOC  OBJECT CODE     LINE SOURCE TEXT
  VALUE

0032   00A0           00093     MOVWF   r           ; [r] = WREG => [r] = z/2
0033   1003           00094     BCF     STATUS, C   ; Clear bit
0034   0C20           00095     RRF     r,  W       ; WREG = ([z]>>1) => [z] = (z/2)/2 = z/4
0035   0723           00096     ADDWF   r3, W       ; WREG = [r3] + WREG => (x/2 + y/2) + z/4
0036   00A3           00097     MOVWF   r3          ; [r3] = WREG => [r3] = x/2 + y/2 + z/4
                      00098     
                      00099     ;;;;;;;;;;;;;;;;;;;;;;;;;;;;;;;;;;;;;;;;;;;;;;;;;;;;;;;;;;;;;;;;;;;;;;;;
                      00100     
                      00101     ; r4 = (3 * x - y - 3 * z) * 2 - 30 ==> -54  ==>    r4      EQU     0x24
0037   0825           00102     MOVF    x,  W       ; WREG = [x]
0038   0725           00103     ADDWF   x,  W       ; WREG = [x] + WREG => x + x   = 2*x
0039   0725           00104     ADDWF   x,  W       ; WREG = [x] + WREG => x + 2*x = 3*x
003A   00A4           00105     MOVWF   r4          ; [r4] = WREG => [r4] = 3*x
003B   0826           00106     MOVF    y,  W       ; WREG = [y]
003C   0224           00107     SUBWF   r4, W       ; WREG = [r4] - WREG => 3*x - y
003D   00A4           00108     MOVWF   r4          ; [r4] = WREG => [r4] = 3*x - y
003E   0827           00109     MOVF    z,  W       ; WREG = [z]
003F   0727           00110     ADDWF   z,  W       ; WREG = [z] + WREG => z + z   = 2*z
0040   0727           00111     ADDWF   z,  W       ; WREG = [z] + WREG => z + 2*z = 3*z
0041   0224           00112     SUBWF   r4, W       ; WREG = [r4] - WREG => (3*x - y) - 3*z
0042   00A4           00113     MOVWF   r4          ; [r4] = WREG => [r4] = 3*x - y - 3*z
0043   0724           00114     ADDWF   r4, W       ; WREG = [r4] + WREG => (3*x - y - 3*z) + (3*x - y - 3*z) = 2*(3*x - y - 3*z)
0044   00A4           00115     MOVWF   r4          ; [r4] = WREG => [r4] = 2*(3*x - y - 3*z)
0045   301E           00116     MOVLW   d'30'       ; WREG = 30
0046   0224           00117     SUBWF   r4, W       ; WREG = [r4] - WREG => 2*(3*x - y - 3*z) - 30
0047   00A4           00118     MOVWF   r4          ; [r4] = WREG => [r4] = 2*(3*x - y - 3*z) - 30
                      00119     
                      00120     ;;;;;;;;;;;;;;;;;;;;;;;;;;;;;;;;;;;;;;;;;;;;;;;;;;;;;;;;;;;;;;;;;;;;;;;;
                      00121     
                      00122     ; r = 3 * r1 + 2 * r2 - r3 / 2 - r4 ==> 160  ==>    r       EQU     0x20
0048   0821           00123     MOVF    r1, W       ; WREG = [r1]
0049   0721           00124     ADDWF   r1, W       ; WREG = [r1] + WREG => r1 + r1   = 2*r1
004A   0721           00125     ADDWF   r1, W       ; WREG = [r1] + WREG => r1 + 2*r1 = 3*r1
004B   00A0           00126     MOVWF   r           ; [r] = WREG ==> [r] = 3*r1
004C   0822           00127     MOVF    r2, W       ; WREG = [r2]
004D   0722           00128     ADDWF   r2, W       ; WREG = [r2] + WREG => r2 + r2     = 2*r2
004E   0720           00129     ADDWF   r,  W       ; WREG = [r] + WREG => 3*r1 + 2*r2
004F   00A0           00130     MOVWF   r           ; [r] = WREG ==> [r] = 3*r1 + 2*r2
0050   0823           00131     MOVF    r3, W       ; WREG = [r3]
0051   1003           00132     BCF     STATUS, C   ; Clear bit
0052   0C23           00133     RRF     r3, W       ; WREG = ([r3]>>1) => [r3] = r3/2
0053   0220           00134     SUBWF   r,  W       ; WREG = [r] - WREG => (3*r1 + 2*r2) - (r3/2)
0054   00A0           00135     MOVWF   r           ; [r] = WREG ==> [r] = 3*r1 + 2*r2 - r3/2
0055   0824           00136     MOVF    r4, W       ; WREG = [r4]
0056   0220           00137     SUBWF   r,  W       ; WREG = [r] - WREG => (3*r1 + 2*r2 - r3/2) - (r4)
0057   00A0           00138     MOVWF   r           ; [r] = WREG ==> [r] = 3*r1 + 2*r2 - r3/2 - r4
                      00139     
                      00140     ; ---------- Your code ends here ----------------------------    
0058   0088           00141     MOVWF   PORTD       ; Send the result stored in WREG to PORTD to display it on the LEDs
                      00142     
0059   2???           00143 LOOP    GOTO    $       ; Infinite loop
3D71                  00144      END                               ; End of the program
MPASM 5.84                NEWASMTEMPLATE.ASM   10-26-2022  21:07:58         PAGE  4


SYMBOL TABLE
  LABEL                             VALUE 

ACKDT                             00000005
ACKEN                             00000004
ACKSTAT                           00000006
ADCON0                            0000001F
ADCON1                            0000009F
ADCS0                             00000006
ADCS1                             00000007
ADDEN                             00000003
ADFM                              00000007
ADIE                              00000006
ADIF                              00000006
ADON                              00000000
ADRESH                            0000001E
ADRESL                            0000009E
BCLIE                             00000003
BCLIF                             00000003
BF                                00000000
BRGH                              00000002
C                                 00000000
CCP1CON                           00000017
CCP1IE                            00000002
CCP1IF                            00000002
CCP1M0                            00000000
CCP1M1                            00000001
CCP1M2                            00000002
CCP1M3                            00000003
CCP1X                             00000005
CCP1Y                             00000004
CCP2CON                           0000001D
CCP2IE                            00000000
CCP2IF                            00000000
CCP2M0                            00000000
CCP2M1                            00000001
CCP2M2                            00000002
CCP2M3                            00000003
CCP2X                             00000005
CCP2Y                             00000004
CCPR1                             00000015
CCPR1H                            00000016
CCPR1L                            00000015
CCPR2                             0000001B
CCPR2H                            0000001C
CCPR2L                            0000001B
CHS0                              00000003
CHS1                              00000004
CHS2                              00000005
CKE                               00000006
CKP                               00000004
CREN                              00000004
CSRC                              00000007
D                                 00000005
DATA_ADDRESS                      00000005
DC                                00000001
MPASM 5.84                NEWASMTEMPLATE.ASM   10-26-2022  21:07:58         PAGE  5


SYMBOL TABLE
  LABEL                             VALUE 

D_A                               00000005
D_NOT_A                           00000005
EEADR                             0000010D
EEADRH                            0000010F
EECON1                            0000018C
EECON2                            0000018D
EEDATA                            0000010C
EEDATH                            0000010E
EEIE                              00000004
EEIF                              00000004
EEPGD                             00000007
F                                 00000001
FERR                              00000002
FSR                               00000004
GCEN                              00000007
GIE                               00000007
GO                                00000002
GO_DONE                           00000002
GO_NOT_DONE                       00000002
I2C_DATA                          00000005
I2C_READ                          00000002
I2C_START                         00000003
I2C_STOP                          00000004
IBF                               00000007
IBOV                              00000005
INDF                              00000000
INTCON                            0000000B
INTE                              00000004
INTEDG                            00000006
INTF                              00000001
IRP                               00000007
LOOP                              00000059
NOT_A                             00000005
NOT_ADDRESS                       00000005
NOT_BO                            00000000
NOT_BOR                           00000000
NOT_DONE                          00000002
NOT_PD                            00000003
NOT_POR                           00000001
NOT_RBPU                          00000007
NOT_RC8                           00000006
NOT_T1SYNC                        00000002
NOT_TO                            00000004
NOT_TX8                           00000006
NOT_W                             00000002
NOT_WRITE                         00000002
OBF                               00000006
OERR                              00000001
OPTION_REG                        00000081
P                                 00000004
PCFG0                             00000000
PCFG1                             00000001
PCFG2                             00000002
MPASM 5.84                NEWASMTEMPLATE.ASM   10-26-2022  21:07:58         PAGE  6


SYMBOL TABLE
  LABEL                             VALUE 

PCFG3                             00000003
PCL                               00000002
PCLATH                            0000000A
PCON                              0000008E
PEIE                              00000006
PEN                               00000002
PIE1                              0000008C
PIE2                              0000008D
PIR1                              0000000C
PIR2                              0000000D
PORTA                             00000005
PORTB                             00000006
PORTC                             00000007
PORTD                             00000008
PORTE                             00000009
PR2                               00000092
PS0                               00000000
PS1                               00000001
PS2                               00000002
PSA                               00000003
PSPIE                             00000007
PSPIF                             00000007
PSPMODE                           00000004
R                                 00000002
RA0                               00000000
RA1                               00000001
RA2                               00000002
RA3                               00000003
RA4                               00000004
RA5                               00000005
RB0                               00000000
RB1                               00000001
RB2                               00000002
RB3                               00000003
RB4                               00000004
RB5                               00000005
RB6                               00000006
RB7                               00000007
RBIE                              00000003
RBIF                              00000000
RC0                               00000000
RC1                               00000001
RC2                               00000002
RC3                               00000003
RC4                               00000004
RC5                               00000005
RC6                               00000006
RC7                               00000007
RC8_9                             00000006
RC9                               00000006
RCD8                              00000000
RCEN                              00000003
RCIE                              00000005
MPASM 5.84                NEWASMTEMPLATE.ASM   10-26-2022  21:07:58         PAGE  7


SYMBOL TABLE
  LABEL                             VALUE 

RCIF                              00000005
RCREG                             0000001A
RCSTA                             00000018
RD                                00000000
RD0                               00000000
RD1                               00000001
RD2                               00000002
RD3                               00000003
RD4                               00000004
RD5                               00000005
RD6                               00000006
RD7                               00000007
RE0                               00000000
RE1                               00000001
RE2                               00000002
READ_WRITE                        00000002
RP0                               00000005
RP1                               00000006
RSEN                              00000001
RX9                               00000006
RX9D                              00000000
R_NOT_W                           00000002
R_W                               00000002
S                                 00000003
SEN                               00000000
SMP                               00000007
SPBRG                             00000099
SPEN                              00000007
SREN                              00000005
SSPADD                            00000093
SSPBUF                            00000013
SSPCON                            00000014
SSPCON2                           00000091
SSPEN                             00000005
SSPIE                             00000003
SSPIF                             00000003
SSPM0                             00000000
SSPM1                             00000001
SSPM2                             00000002
SSPM3                             00000003
SSPOV                             00000006
SSPSTAT                           00000094
STATUS                            00000003
SYNC                              00000004
T0CS                              00000005
T0IE                              00000005
T0IF                              00000002
T0SE                              00000004
T1CKPS0                           00000004
T1CKPS1                           00000005
T1CON                             00000010
T1INSYNC                          00000002
T1OSCEN                           00000003
MPASM 5.84                NEWASMTEMPLATE.ASM   10-26-2022  21:07:58         PAGE  8


SYMBOL TABLE
  LABEL                             VALUE 

T1SYNC                            00000002
T2CKPS0                           00000000
T2CKPS1                           00000001
T2CON                             00000012
TMR0                              00000001
TMR0IE                            00000005
TMR0IF                            00000002
TMR1                              0000000E
TMR1CS                            00000001
TMR1H                             0000000F
TMR1IE                            00000000
TMR1IF                            00000000
TMR1L                             0000000E
TMR1ON                            00000000
TMR2                              00000011
TMR2IE                            00000001
TMR2IF                            00000001
TMR2ON                            00000002
TOUTPS0                           00000003
TOUTPS1                           00000004
TOUTPS2                           00000005
TOUTPS3                           00000006
TRISA                             00000085
TRISA0                            00000000
TRISA1                            00000001
TRISA2                            00000002
TRISA3                            00000003
TRISA4                            00000004
TRISA5                            00000005
TRISB                             00000086
TRISB0                            00000000
TRISB1                            00000001
TRISB2                            00000002
TRISB3                            00000003
TRISB4                            00000004
TRISB5                            00000005
TRISB6                            00000006
TRISB7                            00000007
TRISC                             00000087
TRISC0                            00000000
TRISC1                            00000001
TRISC2                            00000002
TRISC3                            00000003
TRISC4                            00000004
TRISC5                            00000005
TRISC6                            00000006
TRISC7                            00000007
TRISD                             00000088
TRISD0                            00000000
TRISD1                            00000001
TRISD2                            00000002
TRISD3                            00000003
TRISD4                            00000004
MPASM 5.84                NEWASMTEMPLATE.ASM   10-26-2022  21:07:58         PAGE  9


SYMBOL TABLE
  LABEL                             VALUE 

TRISD5                            00000005
TRISD6                            00000006
TRISD7                            00000007
TRISE                             00000089
TRISE0                            00000000
TRISE1                            00000001
TRISE2                            00000002
TRMT                              00000001
TX8_9                             00000006
TX9                               00000006
TX9D                              00000000
TXD8                              00000000
TXEN                              00000005
TXIE                              00000004
TXIF                              00000004
TXREG                             00000019
TXSTA                             00000098
UA                                00000001
W                                 00000000
WCOL                              00000007
WR                                00000001
WREN                              00000002
WRERR                             00000003
Z                                 00000002
_.org_0_0059                      00000059
_BODEN_OFF                        00003FBF
_BODEN_ON                         00003FFF
_BOREN_OFF                        00003FBF
_BOREN_ON                         00003FFF
_CONFIG                           00002007
_CPD_OFF                          00003FFF
_CPD_ON                           00003EFF
_CP_ALL                           00000FCF
_CP_HALF                          00001FDF
_CP_OFF                           00003FFF
_CP_UPPER_256                     00002FEF
_DEBUG_OFF                        00003FFF
_DEBUG_ON                         000037FF
_DEVID1                           00002006
_FOSC_EXTRC                       00003FFF
_FOSC_HS                          00003FFE
_FOSC_LP                          00003FFC
_FOSC_XT                          00003FFD
_HS_OSC                           00003FFE
_IDLOC0                           00002000
_IDLOC1                           00002001
_IDLOC2                           00002002
_IDLOC3                           00002003
_LP_OSC                           00003FFC
_LVP_OFF                          00003F7F
_LVP_ON                           00003FFF
_PWRTE_OFF                        00003FFF
_PWRTE_ON                         00003FF7
MPASM 5.84                NEWASMTEMPLATE.ASM   10-26-2022  21:07:58         PAGE 10


SYMBOL TABLE
  LABEL                             VALUE 

_RC_OSC                           00003FFF
_WDTE_OFF                         00003FFB
_WDTE_ON                          00003FFF
_WDT_OFF                          00003FFB
_WDT_ON                           00003FFF
_WRT_ENABLE_OFF                   00003DFF
_WRT_ENABLE_ON                    00003FFF
_WRT_OFF                          00003DFF
_WRT_ON                           00003FFF
_XT_OSC                           00003FFD
__16F877A                         00000001
__DEBUG                           
__MPLAB_DEBUGGER_SIMULATOR        1
r                                 00000020
r1                                00000021
r2                                00000022
r3                                00000023
r4                                00000024
x                                 00000025
y                                 00000026
z                                 00000027

Errors   :     0
Warnings :     0 reported,     0 suppressed
Messages :     3 reported,     0 suppressed

