MPASM 5.84                          MAIN.ASM   1-6-2022  20:31:42         PAGE  1


LOC  OBJECT CODE     LINE SOURCE TEXT
  VALUE

                      00001 ;Mesut KIZILAY 152120181053
                      00002 ;Hasan Can GÖRMEZ 152120181035
                      00003 
Warning[205]: Found directive in column 1. (LIST)
                      00004 LIST P=16F877A
Warning[205]: Found directive in column 1. (INCLUDE)
                      00005 INCLUDE P16F877.INC
                      00001         LIST
                      00002 
                      00003 ;==========================================================================
                      00004 ; Build date : Mar 17 2019
                      00005 ;  MPASM PIC16F877 processor include
                      00006 ; 
                      00007 ;  (c) Copyright 1999-2019 Microchip Technology, All rights reserved
                      00008 ;==========================================================================
                      00009 
Message[301]: MESSAGE: (Processor-header file mismatch.  Verify selected processor.)
                      00541         LIST
Warning[205]: Found directive in column 1. (__CONFIG)
2007   3D71           00006 __CONFIG _CP_OFF &_WDT_OFF & _BODEN_ON & _PWRTE_ON & _XT_OSC & _WRT_ENABLE_OFF & _LVP_OFF &_DEBUG_OFF & 
                            _CPD_OFF
Warning[205]: Found directive in column 1. (radix)
                      00007 radix dec
                      00008 ; Reset vector
Warning[205]: Found directive in column 1. (org)
                      00009 org 0x00
                      00010 ; ---------- Initialization ---------------------------------
Warning[203]: Found opcode in column 1. (BSF)
0000   1683           00011 BSF         STATUS, RP0 ; Select Bank 1
Warning[203]: Found opcode in column 1. (CLRF)
Message[302]: Register in operand not in bank 0.  Ensure that bank bits are correct.
0001   0185           00012 CLRF        TRISA  ; All pins of PORTA in output mode
Warning[203]: Found opcode in column 1. (CLRF)
Message[302]: Register in operand not in bank 0.  Ensure that bank bits are correct.
0002   0188           00013 CLRF        TRISD  ; All pins of PORTD in output mode
                      00014 
Warning[203]: Found opcode in column 1. (MOVLW)
0003   30FF           00015 MOVLW 0xFF
Warning[203]: Found opcode in column 1. (MOVWF)
Message[302]: Register in operand not in bank 0.  Ensure that bank bits are correct.
0004   0086           00016 MOVWF TRISB ; All pins of PORTB in input mode
                      00017 
Warning[203]: Found opcode in column 1. (BCF)
0005   1283           00018 BCF         STATUS, RP0 ; Select Bank 0 
Warning[203]: Found opcode in column 1. (CLRF)
0006   0188           00019 CLRF        PORTD       ; All LEDs off  
Warning[203]: Found opcode in column 1. (CLRF)
0007   0185           00020 CLRF        PORTA
                      00021 
Warning[203]: Found opcode in column 1. (BSF)
0008   1685           00022 BSF PORTA,5
                      00023    
  00000020            00024 counter EQU 0x20
MPASM 5.84                          MAIN.ASM   1-6-2022  20:31:42         PAGE  2


LOC  OBJECT CODE     LINE SOURCE TEXT
  VALUE

Warning[203]: Found opcode in column 1. (MOVLW)
0009   3000           00025 MOVLW d'0'
Warning[203]: Found opcode in column 1. (MOVWF)
000A   00A0           00026 MOVWF counter
                      00027  
Warning[207]: Found label after column 1. (_WHILE)
000B                  00028     _WHILE
Warning[207]: Found label after column 1. (Increment_Button)
000B                  00029         Increment_Button
000B   1986           00030             BTFSC PORTB, 3
000C   2???           00031             GOTO  Decrement_Button
                      00032 
000D   3009           00033             MOVLW d'9'
000E   0220           00034             SUBWF counter,W
000F   1D03           00035             BTFSS STATUS,Z
0010   2???           00036             GOTO _ELSE
                      00037 
0011   01A0           00038             CLRF counter
0012   2???           00039             GOTO Next_Statement
                      00040             
Warning[207]: Found label after column 1. (_ELSE)
0013                  00041             _ELSE
0013   0AA0           00042                 INCF counter,F
                      00043 
Warning[207]: Found label after column 1. (Decrement_Button)
0014                  00044         Decrement_Button
0014   1A06           00045             BTFSC PORTB, 4
0015   2???           00046             GOTO  Reset_Button
                      00047 
0016   3000           00048             MOVLW d'0'
0017   0220           00049             SUBWF counter,W
0018   1D03           00050             BTFSS STATUS,Z
0019   2???           00051             GOTO _ELSE2
                      00052             
001A   3009           00053             MOVLW d'9'
001B   00A0           00054             MOVWF counter
001C   2???           00055             GOTO Next_Statement
                      00056             
Warning[207]: Found label after column 1. (_ELSE2)
001D                  00057             _ELSE2
001D   03A0           00058                 DECF counter,F
                      00059 
Warning[207]: Found label after column 1. (Reset_Button)
001E                  00060         Reset_Button
001E   1A86           00061             BTFSC PORTB, 5
001F   2???           00062             GOTO Next_Statement
                      00063             
0020   01A0           00064             CLRF counter
                      00065         
Warning[207]: Found label after column 1. (Next_Statement)
0021                  00066         Next_Statement
0021   0820           00067             MOVF counter,W
0022   2???           00068             CALL GetCode
MPASM 5.84                          MAIN.ASM   1-6-2022  20:31:42         PAGE  3


LOC  OBJECT CODE     LINE SOURCE TEXT
  VALUE

0023   0088           00069             MOVWF PORTD
                      00070 
0024   2???           00071             CALL Delay_100ms
0025   2???           00072             GOTO _WHILE    
Warning[207]: Found label after column 1. (END_WHILE)
0026                  00073     END_WHILE   
                      00074         
0026                  00075 Delay_100ms
  00000070            00076 i       EQU         0x70                    ; Use memory slot 0x70
  00000071            00077 j       EQU         0x71                    ; Use memory slot 0x71
0026   3064           00078         MOVLW       d'100'                  ; 
0027   00F0           00079         MOVWF       i                       ; i = 100
0028                  00080 Delay100ms_OuterLoop
0028   30FA           00081         MOVLW       d'250'
0029   00F1           00082         MOVWF       j                       ; j = 250
002A                  00083 Delay100ms_InnerLoop    
002A   0000           00084         NOP
002B   0BF1           00085         DECFSZ      j, F                    ; j--
002C   2???           00086         GOTO        Delay100ms_InnerLoop
                      00087 
002D   0BF0           00088         DECFSZ      i, F                    ; i?
002E   2???           00089         GOTO        Delay100ms_OuterLoop    
002F   0008           00090         RETURN
                      00091         
0030                  00092 GetCode
0030   0782           00093     ADDWF   PCL, F              ; Jump to the correct number. PCL is the program counter register
0031   343F           00094     RETLW   B'00111111'         ; 0
0032   3406           00095     RETLW   B'00000110'         ; 1
0033   345B           00096     RETLW   B'01011011'         ; 2
0034   344F           00097     RETLW   B'01001111'         ; 3
0035   3466           00098     RETLW   B'01100110'         ; 4
0036   346D           00099     RETLW   B'01101101'         ; 5
0037   347D           00100     RETLW   B'01111101'         ; 6
0038   3407           00101     RETLW   B'00000111'         ; 7
0039   347F           00102     RETLW   B'01111111'         ; 8
003A   346F           00103     RETLW   B'01101111'         ; 9    
003B   3477           00104     RETLW   B'01110111'         ; A
003C   347C           00105     RETLW   B'01111100'         ; b    
003D   3439           00106     RETLW   B'00111001'         ; C    
003E   345E           00107     RETLW   B'01011110'         ; d    
003F   3479           00108     RETLW   B'01111001'         ; E    
0040   3471           00109     RETLW   B'01110001'         ; F      
                      00110         
0041   2???           00111 LOOP GOTO  $
Warning[205]: Found directive in column 1. (END)
3D71                  00112 END
MPASM 5.84                          MAIN.ASM   1-6-2022  20:31:42         PAGE  4


SYMBOL TABLE
  LABEL                             VALUE 

ACKDT                             00000005
ACKEN                             00000004
ACKSTAT                           00000006
ADCON0                            0000001F
ADCON1                            0000009F
ADCS0                             00000006
ADCS1                             00000007
ADDEN                             00000003
ADFM                              00000007
ADIE                              00000006
ADIF                              00000006
ADON                              00000000
ADRESH                            0000001E
ADRESL                            0000009E
BCLIE                             00000003
BCLIF                             00000003
BF                                00000000
BRGH                              00000002
C                                 00000000
CCP1CON                           00000017
CCP1IE                            00000002
CCP1IF                            00000002
CCP1M0                            00000000
CCP1M1                            00000001
CCP1M2                            00000002
CCP1M3                            00000003
CCP1X                             00000005
CCP1Y                             00000004
CCP2CON                           0000001D
CCP2IE                            00000000
CCP2IF                            00000000
CCP2M0                            00000000
CCP2M1                            00000001
CCP2M2                            00000002
CCP2M3                            00000003
CCP2X                             00000005
CCP2Y                             00000004
CCPR1                             00000015
CCPR1H                            00000016
CCPR1L                            00000015
CCPR2                             0000001B
CCPR2H                            0000001C
CCPR2L                            0000001B
CHS0                              00000003
CHS1                              00000004
CHS2                              00000005
CKE                               00000006
CKP                               00000004
CREN                              00000004
CSRC                              00000007
D                                 00000005
DATA_ADDRESS                      00000005
DC                                00000001
MPASM 5.84                          MAIN.ASM   1-6-2022  20:31:42         PAGE  5


SYMBOL TABLE
  LABEL                             VALUE 

D_A                               00000005
D_NOT_A                           00000005
Decrement_Button                  00000014
Delay100ms_InnerLoop              0000002A
Delay100ms_OuterLoop              00000028
Delay_100ms                       00000026
EEADR                             0000010D
EEADRH                            0000010F
EECON1                            0000018C
EECON2                            0000018D
EEDATA                            0000010C
EEDATH                            0000010E
EEIE                              00000004
EEIF                              00000004
EEPGD                             00000007
END_WHILE                         00000026
F                                 00000001
FERR                              00000002
FSR                               00000004
GCEN                              00000007
GIE                               00000007
GO                                00000002
GO_DONE                           00000002
GO_NOT_DONE                       00000002
GetCode                           00000030
I2C_DATA                          00000005
I2C_READ                          00000002
I2C_START                         00000003
I2C_STOP                          00000004
IBF                               00000007
IBOV                              00000005
INDF                              00000000
INTCON                            0000000B
INTE                              00000004
INTEDG                            00000006
INTF                              00000001
IRP                               00000007
Increment_Button                  0000000B
LOOP                              00000041
NOT_A                             00000005
NOT_ADDRESS                       00000005
NOT_BO                            00000000
NOT_BOR                           00000000
NOT_DONE                          00000002
NOT_PD                            00000003
NOT_POR                           00000001
NOT_RBPU                          00000007
NOT_RC8                           00000006
NOT_T1SYNC                        00000002
NOT_TO                            00000004
NOT_TX8                           00000006
NOT_W                             00000002
NOT_WRITE                         00000002
MPASM 5.84                          MAIN.ASM   1-6-2022  20:31:42         PAGE  6


SYMBOL TABLE
  LABEL                             VALUE 

Next_Statement                    00000021
OBF                               00000006
OERR                              00000001
OPTION_REG                        00000081
P                                 00000004
PCFG0                             00000000
PCFG1                             00000001
PCFG2                             00000002
PCFG3                             00000003
PCL                               00000002
PCLATH                            0000000A
PCON                              0000008E
PEIE                              00000006
PEN                               00000002
PIE1                              0000008C
PIE2                              0000008D
PIR1                              0000000C
PIR2                              0000000D
PORTA                             00000005
PORTB                             00000006
PORTC                             00000007
PORTD                             00000008
PORTE                             00000009
PR2                               00000092
PS0                               00000000
PS1                               00000001
PS2                               00000002
PSA                               00000003
PSPIE                             00000007
PSPIF                             00000007
PSPMODE                           00000004
R                                 00000002
RA0                               00000000
RA1                               00000001
RA2                               00000002
RA3                               00000003
RA4                               00000004
RA5                               00000005
RB0                               00000000
RB1                               00000001
RB2                               00000002
RB3                               00000003
RB4                               00000004
RB5                               00000005
RB6                               00000006
RB7                               00000007
RBIE                              00000003
RBIF                              00000000
RC0                               00000000
RC1                               00000001
RC2                               00000002
RC3                               00000003
RC4                               00000004
MPASM 5.84                          MAIN.ASM   1-6-2022  20:31:42         PAGE  7


SYMBOL TABLE
  LABEL                             VALUE 

RC5                               00000005
RC6                               00000006
RC7                               00000007
RC8_9                             00000006
RC9                               00000006
RCD8                              00000000
RCEN                              00000003
RCIE                              00000005
RCIF                              00000005
RCREG                             0000001A
RCSTA                             00000018
RD                                00000000
RD0                               00000000
RD1                               00000001
RD2                               00000002
RD3                               00000003
RD4                               00000004
RD5                               00000005
RD6                               00000006
RD7                               00000007
RE0                               00000000
RE1                               00000001
RE2                               00000002
READ_WRITE                        00000002
RP0                               00000005
RP1                               00000006
RSEN                              00000001
RX9                               00000006
RX9D                              00000000
R_NOT_W                           00000002
R_W                               00000002
Reset_Button                      0000001E
S                                 00000003
SEN                               00000000
SMP                               00000007
SPBRG                             00000099
SPEN                              00000007
SREN                              00000005
SSPADD                            00000093
SSPBUF                            00000013
SSPCON                            00000014
SSPCON2                           00000091
SSPEN                             00000005
SSPIE                             00000003
SSPIF                             00000003
SSPM0                             00000000
SSPM1                             00000001
SSPM2                             00000002
SSPM3                             00000003
SSPOV                             00000006
SSPSTAT                           00000094
STATUS                            00000003
SYNC                              00000004
MPASM 5.84                          MAIN.ASM   1-6-2022  20:31:42         PAGE  8


SYMBOL TABLE
  LABEL                             VALUE 

T0CS                              00000005
T0IE                              00000005
T0IF                              00000002
T0SE                              00000004
T1CKPS0                           00000004
T1CKPS1                           00000005
T1CON                             00000010
T1INSYNC                          00000002
T1OSCEN                           00000003
T1SYNC                            00000002
T2CKPS0                           00000000
T2CKPS1                           00000001
T2CON                             00000012
TMR0                              00000001
TMR0IE                            00000005
TMR0IF                            00000002
TMR1                              0000000E
TMR1CS                            00000001
TMR1H                             0000000F
TMR1IE                            00000000
TMR1IF                            00000000
TMR1L                             0000000E
TMR1ON                            00000000
TMR2                              00000011
TMR2IE                            00000001
TMR2IF                            00000001
TMR2ON                            00000002
TOUTPS0                           00000003
TOUTPS1                           00000004
TOUTPS2                           00000005
TOUTPS3                           00000006
TRISA                             00000085
TRISA0                            00000000
TRISA1                            00000001
TRISA2                            00000002
TRISA3                            00000003
TRISA4                            00000004
TRISA5                            00000005
TRISB                             00000086
TRISB0                            00000000
TRISB1                            00000001
TRISB2                            00000002
TRISB3                            00000003
TRISB4                            00000004
TRISB5                            00000005
TRISB6                            00000006
TRISB7                            00000007
TRISC                             00000087
TRISC0                            00000000
TRISC1                            00000001
TRISC2                            00000002
TRISC3                            00000003
TRISC4                            00000004
MPASM 5.84                          MAIN.ASM   1-6-2022  20:31:42         PAGE  9


SYMBOL TABLE
  LABEL                             VALUE 

TRISC5                            00000005
TRISC6                            00000006
TRISC7                            00000007
TRISD                             00000088
TRISD0                            00000000
TRISD1                            00000001
TRISD2                            00000002
TRISD3                            00000003
TRISD4                            00000004
TRISD5                            00000005
TRISD6                            00000006
TRISD7                            00000007
TRISE                             00000089
TRISE0                            00000000
TRISE1                            00000001
TRISE2                            00000002
TRMT                              00000001
TX8_9                             00000006
TX9                               00000006
TX9D                              00000000
TXD8                              00000000
TXEN                              00000005
TXIE                              00000004
TXIF                              00000004
TXREG                             00000019
TXSTA                             00000098
UA                                00000001
W                                 00000000
WCOL                              00000007
WR                                00000001
WREN                              00000002
WRERR                             00000003
Z                                 00000002
_.org_0_0041                      00000041
_BODEN_OFF                        00003FBF
_BODEN_ON                         00003FFF
_BOREN_OFF                        00003FBF
_BOREN_ON                         00003FFF
_CONFIG                           00002007
_CPD_OFF                          00003FFF
_CPD_ON                           00003EFF
_CP_ALL                           00000FCF
_CP_HALF                          00001FDF
_CP_OFF                           00003FFF
_CP_UPPER_256                     00002FEF
_DEBUG_OFF                        00003FFF
_DEBUG_ON                         000037FF
_DEVID1                           00002006
_ELSE                             00000013
_ELSE2                            0000001D
_FOSC_EXTRC                       00003FFF
_FOSC_HS                          00003FFE
_FOSC_LP                          00003FFC
MPASM 5.84                          MAIN.ASM   1-6-2022  20:31:42         PAGE 10


SYMBOL TABLE
  LABEL                             VALUE 

_FOSC_XT                          00003FFD
_HS_OSC                           00003FFE
_IDLOC0                           00002000
_IDLOC1                           00002001
_IDLOC2                           00002002
_IDLOC3                           00002003
_LP_OSC                           00003FFC
_LVP_OFF                          00003F7F
_LVP_ON                           00003FFF
_PWRTE_OFF                        00003FFF
_PWRTE_ON                         00003FF7
_RC_OSC                           00003FFF
_WDTE_OFF                         00003FFB
_WDTE_ON                          00003FFF
_WDT_OFF                          00003FFB
_WDT_ON                           00003FFF
_WHILE                            0000000B
_WRT_ENABLE_OFF                   00003DFF
_WRT_ENABLE_ON                    00003FFF
_WRT_OFF                          00003DFF
_WRT_ON                           00003FFF
_XT_OSC                           00003FFD
__16F877A                         00000001
counter                           00000020
i                                 00000070
j                                 00000071

Errors   :     0
Warnings :    25 reported,     0 suppressed
Messages :     4 reported,     0 suppressed

