Warning[205] C:\USERS\MESUT\MPLABXPROJECTS\LAB08.X\MAIN.ASM 4 : Found directive in column 1. (LIST)
Warning[205] C:\USERS\MESUT\MPLABXPROJECTS\LAB08.X\MAIN.ASM 5 : Found directive in column 1. (INCLUDE)
Message[301] C:\PROGRAM FILES (X86)\MICROCHIP\MPLABX\V5.20\MPASMX\P16F877.INC 34 : MESSAGE: (Processor-header file mismatch.  Verify selected processor.)
Warning[205] C:\USERS\MESUT\MPLABXPROJECTS\LAB08.X\MAIN.ASM 6 : Found directive in column 1. (__CONFIG)
Warning[205] C:\USERS\MESUT\MPLABXPROJECTS\LAB08.X\MAIN.ASM 7 : Found directive in column 1. (radix)
Warning[205] C:\USERS\MESUT\MPLABXPROJECTS\LAB08.X\MAIN.ASM 9 : Found directive in column 1. (org)
Warning[203] C:\USERS\MESUT\MPLABXPROJECTS\LAB08.X\MAIN.ASM 11 : Found opcode in column 1. (BSF)
Warning[203] C:\USERS\MESUT\MPLABXPROJECTS\LAB08.X\MAIN.ASM 12 : Found opcode in column 1. (CLRF)
Message[302] C:\USERS\MESUT\MPLABXPROJECTS\LAB08.X\MAIN.ASM 12 : Register in operand not in bank 0.  Ensure that bank bits are correct.
Warning[203] C:\USERS\MESUT\MPLABXPROJECTS\LAB08.X\MAIN.ASM 13 : Found opcode in column 1. (CLRF)
Message[302] C:\USERS\MESUT\MPLABXPROJECTS\LAB08.X\MAIN.ASM 13 : Register in operand not in bank 0.  Ensure that bank bits are correct.
Warning[203] C:\USERS\MESUT\MPLABXPROJECTS\LAB08.X\MAIN.ASM 15 : Found opcode in column 1. (MOVLW)
Warning[203] C:\USERS\MESUT\MPLABXPROJECTS\LAB08.X\MAIN.ASM 16 : Found opcode in column 1. (MOVWF)
Message[302] C:\USERS\MESUT\MPLABXPROJECTS\LAB08.X\MAIN.ASM 16 : Register in operand not in bank 0.  Ensure that bank bits are correct.
Warning[203] C:\USERS\MESUT\MPLABXPROJECTS\LAB08.X\MAIN.ASM 18 : Found opcode in column 1. (BCF)
Warning[203] C:\USERS\MESUT\MPLABXPROJECTS\LAB08.X\MAIN.ASM 19 : Found opcode in column 1. (CLRF)
Warning[203] C:\USERS\MESUT\MPLABXPROJECTS\LAB08.X\MAIN.ASM 20 : Found opcode in column 1. (CLRF)
Warning[203] C:\USERS\MESUT\MPLABXPROJECTS\LAB08.X\MAIN.ASM 22 : Found opcode in column 1. (BSF)
Warning[203] C:\USERS\MESUT\MPLABXPROJECTS\LAB08.X\MAIN.ASM 25 : Found opcode in column 1. (MOVLW)
Warning[203] C:\USERS\MESUT\MPLABXPROJECTS\LAB08.X\MAIN.ASM 26 : Found opcode in column 1. (MOVWF)
Warning[207] C:\USERS\MESUT\MPLABXPROJECTS\LAB08.X\MAIN.ASM 28 : Found label after column 1. (_WHILE)
Warning[207] C:\USERS\MESUT\MPLABXPROJECTS\LAB08.X\MAIN.ASM 29 : Found label after column 1. (Increment_Button)
Warning[207] C:\USERS\MESUT\MPLABXPROJECTS\LAB08.X\MAIN.ASM 41 : Found label after column 1. (_ELSE)
Warning[207] C:\USERS\MESUT\MPLABXPROJECTS\LAB08.X\MAIN.ASM 44 : Found label after column 1. (Decrement_Button)
Warning[207] C:\USERS\MESUT\MPLABXPROJECTS\LAB08.X\MAIN.ASM 57 : Found label after column 1. (_ELSE2)
Warning[207] C:\USERS\MESUT\MPLABXPROJECTS\LAB08.X\MAIN.ASM 60 : Found label after column 1. (Reset_Button)
Warning[207] C:\USERS\MESUT\MPLABXPROJECTS\LAB08.X\MAIN.ASM 66 : Found label after column 1. (Next_Statement)
Warning[207] C:\USERS\MESUT\MPLABXPROJECTS\LAB08.X\MAIN.ASM 73 : Found label after column 1. (END_WHILE)
Warning[205] C:\USERS\MESUT\MPLABXPROJECTS\LAB08.X\MAIN.ASM 112 : Found directive in column 1. (END)
