Warning[205] C:\USERS\MESUT\MPLABXPROJECTS\LAB02.X\MAIN.ASM 3 : Found directive in column 1. (LIST)
Warning[205] C:\USERS\MESUT\MPLABXPROJECTS\LAB02.X\MAIN.ASM 4 : Found directive in column 1. (INCLUDE)
Message[301] C:\PROGRAM FILES (X86)\MICROCHIP\MPLABX\V5.20\MPASMX\P16F877.INC 34 : MESSAGE: (Processor-header file mismatch.  Verify selected processor.)
Warning[205] C:\USERS\MESUT\MPLABXPROJECTS\LAB02.X\MAIN.ASM 5 : Found directive in column 1. (__CONFIG)
Warning[205] C:\USERS\MESUT\MPLABXPROJECTS\LAB02.X\MAIN.ASM 6 : Found directive in column 1. (radix)
Warning[205] C:\USERS\MESUT\MPLABXPROJECTS\LAB02.X\MAIN.ASM 8 : Found directive in column 1. (org)
Warning[203] C:\USERS\MESUT\MPLABXPROJECTS\LAB02.X\MAIN.ASM 10 : Found opcode in column 1. (BSF)
Warning[203] C:\USERS\MESUT\MPLABXPROJECTS\LAB02.X\MAIN.ASM 11 : Found opcode in column 1. (CLRF)
Message[302] C:\USERS\MESUT\MPLABXPROJECTS\LAB02.X\MAIN.ASM 11 : Register in operand not in bank 0.  Ensure that bank bits are correct.
Warning[203] C:\USERS\MESUT\MPLABXPROJECTS\LAB02.X\MAIN.ASM 12 : Found opcode in column 1. (CLRF)
Message[302] C:\USERS\MESUT\MPLABXPROJECTS\LAB02.X\MAIN.ASM 12 : Register in operand not in bank 0.  Ensure that bank bits are correct.
Warning[203] C:\USERS\MESUT\MPLABXPROJECTS\LAB02.X\MAIN.ASM 13 : Found opcode in column 1. (BCF)
Warning[203] C:\USERS\MESUT\MPLABXPROJECTS\LAB02.X\MAIN.ASM 14 : Found opcode in column 1. (CLRF)
Warning[203] C:\USERS\MESUT\MPLABXPROJECTS\LAB02.X\MAIN.ASM 15 : Found opcode in column 1. (CLRF)
Warning[207] C:\USERS\MESUT\MPLABXPROJECTS\LAB02.X\MAIN.ASM 17 : Found label after column 1. (x)
Warning[207] C:\USERS\MESUT\MPLABXPROJECTS\LAB02.X\MAIN.ASM 18 : Found label after column 1. (y)
Warning[207] C:\USERS\MESUT\MPLABXPROJECTS\LAB02.X\MAIN.ASM 19 : Found label after column 1. (box)
Error[113]   C:\USERS\MESUT\MPLABXPROJECTS\LAB02.X\MAIN.ASM 50 : Symbol not previously defined (if_2_less_than_)
Warning[203] C:\USERS\MESUT\MPLABXPROJECTS\LAB02.X\MAIN.ASM 125 : Found opcode in column 1. (MOVWF)
Warning[205] C:\USERS\MESUT\MPLABXPROJECTS\LAB02.X\MAIN.ASM 127 : Found directive in column 1. (END)
