MPASM 5.84                          MAIN.ASM   1-15-2022  13:42:38         PAGE  1


LOC  OBJECT CODE     LINE SOURCE TEXT
  VALUE

                      00001 ;Mesut KIZILAY 152120181053
                      00002 ;Hasan Can GÖRMEZ 152120181035
Warning[205]: Found directive in column 1. (LIST)
                      00003 LIST P=16F877A
Warning[205]: Found directive in column 1. (INCLUDE)
                      00004 INCLUDE P16F877.INC
                      00001         LIST
                      00002 
                      00003 ;==========================================================================
                      00004 ; Build date : Mar 17 2019
                      00005 ;  MPASM PIC16F877 processor include
                      00006 ; 
                      00007 ;  (c) Copyright 1999-2019 Microchip Technology, All rights reserved
                      00008 ;==========================================================================
                      00009 
Message[301]: MESSAGE: (Processor-header file mismatch.  Verify selected processor.)
                      00541         LIST
Warning[205]: Found directive in column 1. (__CONFIG)
2007   3D71           00005 __CONFIG _CP_OFF &_WDT_OFF & _BODEN_ON & _PWRTE_ON & _XT_OSC & _WRT_ENABLE_OFF & _LVP_OFF &_DEBUG_OFF & 
                            _CPD_OFF
Warning[205]: Found directive in column 1. (radix)
                      00006 radix dec
                      00007 ; Reset vector
Warning[205]: Found directive in column 1. (org)
                      00008 org 0x00
                      00009 ; ---------- Initialization ---------------------------------
Warning[203]: Found opcode in column 1. (BSF)
0000   1683           00010 BSF STATUS, RP0 ; Select Bank1
Warning[203]: Found opcode in column 1. (CLRF)
Message[302]: Register in operand not in bank 0.  Ensure that bank bits are correct.
0001   0186           00011 CLRF TRISB ; Set all pins of PORTB as output
Warning[203]: Found opcode in column 1. (CLRF)
Message[302]: Register in operand not in bank 0.  Ensure that bank bits are correct.
0002   0188           00012 CLRF TRISD ; Set all pins of PORTD as output
Warning[203]: Found opcode in column 1. (BCF)
0003   1283           00013 BCF STATUS, RP0 ; Select Bank0
Warning[203]: Found opcode in column 1. (CLRF)
0004   0186           00014 CLRF PORTB ; Turn off all LEDs connected to PORTB
Warning[203]: Found opcode in column 1. (CLRF)
0005   0188           00015 CLRF PORTD ; Turn off all LEDs connected to PORTD
                      00016 
Warning[207]: Found label after column 1. (x)
  00000020            00017     x EQU 0x20
Warning[207]: Found label after column 1. (y)
  00000021            00018     y EQU 0x21
Warning[207]: Found label after column 1. (box)
  00000022            00019     box EQU 0x22
                      00020 
0006   3008           00021     MOVLW d'8'
0007   00A0           00022     MOVWF x
0008   3009           00023     MOVLW d'9'
0009   00A1           00024     MOVWF y
                      00025 
MPASM 5.84                          MAIN.ASM   1-15-2022  13:42:38         PAGE  2


LOC  OBJECT CODE     LINE SOURCE TEXT
  VALUE

000A   1BA0           00026     BTFSC x,7
000B   2???           00027     GOTO errorr
                      00028 
000C   0820           00029     MOVF x,W
000D   3C0B           00030     SUBLW d'11';WREG=11-x
000E   1C03           00031     BTFSS STATUS,C;if x>11 C is 0, if x<=11 C is 1
000F   2???           00032     GOTO errorr
                      00033 
0010   1BA1           00034     BTFSC y,7
0011   2???           00035     GOTO errorr
                      00036 
0012   0821           00037     MOVF y,W
0013   3C0A           00038     SUBLW d'10'
0014   1C03           00039     BTFSS STATUS,C;if y>10 C is 0, if y<10 C is 1
0015   2???           00040     GOTO errorr
                      00041 
0016   0820           00042     MOVF x,W
0017   3C03           00043     SUBLW d'3'
0018   1803           00044     BTFSC STATUS,C;if x>3 is 0, if x<=3 C is 1
0019   2???           00045     GOTO if_1_less_than_3
                      00046     
001A   0820           00047     MOVF x,W
001B   3C07           00048     SUBLW d'7'
001C   1803           00049     BTFSC STATUS,C;if x>7 is 0, if x<=7 C is 1
Error[113]  : Symbol not previously defined (if_2_less_than_)
001D   2800           00050     GOTO if_2_less_than_
                      00051     
001E   0821           00052     MOVF y,W
001F   3C02           00053     SUBLW d'2'
0020   1C03           00054     BTFSS STATUS,C;if y>2 is 0, if y<=2 C is 1
0021   2???           00055     GOTO if_3_1_less_than_6
0022   3009           00056     MOVLW d'9'
0023   00A2           00057     MOVWF box
0024   2???           00058     GOTO next_statement
0025                  00059 if_3_1_less_than_6:
0025   0821           00060     MOVF y,W
0026   3C06           00061     SUBLW d'6'
0027   1C03           00062     BTFSS STATUS,C;if y>6 is 0, if y<=6 C is 1
0028   2???           00063     GOTO if_3_2_less_than_8
0029   3008           00064     MOVLW d'8'
002A   00A2           00065     MOVWF box
002B   2???           00066     GOTO next_statement
002C                  00067 if_3_2_less_than_8:
002C   0821           00068     MOVF y,W
002D   3C08           00069     SUBLW d'8'
002E   1C03           00070     BTFSS STATUS,C;if y>8 is 0, if y<=8 C is 1
002F   2???           00071     GOTO if_3_2_else
0030   3007           00072     MOVLW d'7'
0031   00A2           00073     MOVWF box
0032   2???           00074     GOTO next_statement
0033                  00075 if_3_2_else:
0033   3006           00076     MOVLW d'6'
0034   00A2           00077     MOVWF box
MPASM 5.84                          MAIN.ASM   1-15-2022  13:42:38         PAGE  3


LOC  OBJECT CODE     LINE SOURCE TEXT
  VALUE

0035   2???           00078     GOTO next_statement 
0036                  00079 if_2_less_than_7:
0036   0821           00080     MOVF y,W
0037   3C05           00081     SUBLW d'5'
0038   1C03           00082     BTFSS STATUS,C;if y>5 is 0, if y<=5 C is 1
0039   2???           00083     GOTO if_2_1_else
003A   3005           00084     MOVLW d'5'
003B   00A2           00085     MOVWF box
003C   2???           00086     GOTO next_statement
003D                  00087 if_2_1_else:
003D   3004           00088     MOVLW d'4'
003E   00A2           00089     MOVWF box
003F   2???           00090     GOTO next_statement 
0040                  00091 if_1_less_than_3:
0040   0821           00092     MOVF y,W
0041   3C01           00093     SUBLW d'1'
0042   1C03           00094     BTFSS STATUS,C;if y>1 is 0, if y<=1 C is 1
0043   2???           00095     GOTO if_1_1_less_than_4
0044   3003           00096     MOVLW d'3'
0045   00A2           00097     MOVWF box
0046   2???           00098     GOTO next_statement
0047                  00099 if_1_1_less_than_4:
0047   0821           00100     MOVF y,W
0048   3C04           00101     SUBLW d'4'
0049   1C03           00102     BTFSS STATUS,C;if y>4 is 0, if y<=4 C is 1
004A   2???           00103     GOTO if_1_1_else
004B   3002           00104     MOVLW d'2'
004C   00A2           00105     MOVWF box
004D   2???           00106     GOTO next_statement
004E                  00107 if_1_1_else:
004E   3001           00108     MOVLW d'1'
004F   00A2           00109     MOVWF box
0050   2???           00110     GOTO next_statement 
                      00111  
                      00112 
0051                  00113 errorr:
0051   30FF           00114     MOVLW -d'1'
0052   00A2           00115     MOVWF box
0053   2???           00116     GOTO next_statement
                      00117     
                      00118 
                      00119     
0054                  00120 next_statement:
0054   0822           00121     MOVF box,W
                      00122     
                      00123 
                      00124 
Warning[203]: Found opcode in column 1. (MOVWF)
0055   0088           00125 MOVWF PORTD ; Send the result stored in WREG to PORTD to display it on the LEDs
0056   2???           00126 LOOP GOTO $ ; Infinite loop
Warning[205]: Found directive in column 1. (END)
3D71                  00127 END ; End of the program
MPASM 5.84                          MAIN.ASM   1-15-2022  13:42:38         PAGE  4


SYMBOL TABLE
  LABEL                             VALUE 

ACKDT                             00000005
ACKEN                             00000004
ACKSTAT                           00000006
ADCON0                            0000001F
ADCON1                            0000009F
ADCS0                             00000006
ADCS1                             00000007
ADDEN                             00000003
ADFM                              00000007
ADIE                              00000006
ADIF                              00000006
ADON                              00000000
ADRESH                            0000001E
ADRESL                            0000009E
BCLIE                             00000003
BCLIF                             00000003
BF                                00000000
BRGH                              00000002
C                                 00000000
CCP1CON                           00000017
CCP1IE                            00000002
CCP1IF                            00000002
CCP1M0                            00000000
CCP1M1                            00000001
CCP1M2                            00000002
CCP1M3                            00000003
CCP1X                             00000005
CCP1Y                             00000004
CCP2CON                           0000001D
CCP2IE                            00000000
CCP2IF                            00000000
CCP2M0                            00000000
CCP2M1                            00000001
CCP2M2                            00000002
CCP2M3                            00000003
CCP2X                             00000005
CCP2Y                             00000004
CCPR1                             00000015
CCPR1H                            00000016
CCPR1L                            00000015
CCPR2                             0000001B
CCPR2H                            0000001C
CCPR2L                            0000001B
CHS0                              00000003
CHS1                              00000004
CHS2                              00000005
CKE                               00000006
CKP                               00000004
CREN                              00000004
CSRC                              00000007
D                                 00000005
DATA_ADDRESS                      00000005
DC                                00000001
MPASM 5.84                          MAIN.ASM   1-15-2022  13:42:38         PAGE  5


SYMBOL TABLE
  LABEL                             VALUE 

D_A                               00000005
D_NOT_A                           00000005
EEADR                             0000010D
EEADRH                            0000010F
EECON1                            0000018C
EECON2                            0000018D
EEDATA                            0000010C
EEDATH                            0000010E
EEIE                              00000004
EEIF                              00000004
EEPGD                             00000007
F                                 00000001
FERR                              00000002
FSR                               00000004
GCEN                              00000007
GIE                               00000007
GO                                00000002
GO_DONE                           00000002
GO_NOT_DONE                       00000002
I2C_DATA                          00000005
I2C_READ                          00000002
I2C_START                         00000003
I2C_STOP                          00000004
IBF                               00000007
IBOV                              00000005
INDF                              00000000
INTCON                            0000000B
INTE                              00000004
INTEDG                            00000006
INTF                              00000001
IRP                               00000007
LOOP                              00000056
NOT_A                             00000005
NOT_ADDRESS                       00000005
NOT_BO                            00000000
NOT_BOR                           00000000
NOT_DONE                          00000002
NOT_PD                            00000003
NOT_POR                           00000001
NOT_RBPU                          00000007
NOT_RC8                           00000006
NOT_T1SYNC                        00000002
NOT_TO                            00000004
NOT_TX8                           00000006
NOT_W                             00000002
NOT_WRITE                         00000002
OBF                               00000006
OERR                              00000001
OPTION_REG                        00000081
P                                 00000004
PCFG0                             00000000
PCFG1                             00000001
PCFG2                             00000002
MPASM 5.84                          MAIN.ASM   1-15-2022  13:42:38         PAGE  6


SYMBOL TABLE
  LABEL                             VALUE 

PCFG3                             00000003
PCL                               00000002
PCLATH                            0000000A
PCON                              0000008E
PEIE                              00000006
PEN                               00000002
PIE1                              0000008C
PIE2                              0000008D
PIR1                              0000000C
PIR2                              0000000D
PORTA                             00000005
PORTB                             00000006
PORTC                             00000007
PORTD                             00000008
PORTE                             00000009
PR2                               00000092
PS0                               00000000
PS1                               00000001
PS2                               00000002
PSA                               00000003
PSPIE                             00000007
PSPIF                             00000007
PSPMODE                           00000004
R                                 00000002
RA0                               00000000
RA1                               00000001
RA2                               00000002
RA3                               00000003
RA4                               00000004
RA5                               00000005
RB0                               00000000
RB1                               00000001
RB2                               00000002
RB3                               00000003
RB4                               00000004
RB5                               00000005
RB6                               00000006
RB7                               00000007
RBIE                              00000003
RBIF                              00000000
RC0                               00000000
RC1                               00000001
RC2                               00000002
RC3                               00000003
RC4                               00000004
RC5                               00000005
RC6                               00000006
RC7                               00000007
RC8_9                             00000006
RC9                               00000006
RCD8                              00000000
RCEN                              00000003
RCIE                              00000005
MPASM 5.84                          MAIN.ASM   1-15-2022  13:42:38         PAGE  7


SYMBOL TABLE
  LABEL                             VALUE 

RCIF                              00000005
RCREG                             0000001A
RCSTA                             00000018
RD                                00000000
RD0                               00000000
RD1                               00000001
RD2                               00000002
RD3                               00000003
RD4                               00000004
RD5                               00000005
RD6                               00000006
RD7                               00000007
RE0                               00000000
RE1                               00000001
RE2                               00000002
READ_WRITE                        00000002
RP0                               00000005
RP1                               00000006
RSEN                              00000001
RX9                               00000006
RX9D                              00000000
R_NOT_W                           00000002
R_W                               00000002
S                                 00000003
SEN                               00000000
SMP                               00000007
SPBRG                             00000099
SPEN                              00000007
SREN                              00000005
SSPADD                            00000093
SSPBUF                            00000013
SSPCON                            00000014
SSPCON2                           00000091
SSPEN                             00000005
SSPIE                             00000003
SSPIF                             00000003
SSPM0                             00000000
SSPM1                             00000001
SSPM2                             00000002
SSPM3                             00000003
SSPOV                             00000006
SSPSTAT                           00000094
STATUS                            00000003
SYNC                              00000004
T0CS                              00000005
T0IE                              00000005
T0IF                              00000002
T0SE                              00000004
T1CKPS0                           00000004
T1CKPS1                           00000005
T1CON                             00000010
T1INSYNC                          00000002
T1OSCEN                           00000003
MPASM 5.84                          MAIN.ASM   1-15-2022  13:42:38         PAGE  8


SYMBOL TABLE
  LABEL                             VALUE 

T1SYNC                            00000002
T2CKPS0                           00000000
T2CKPS1                           00000001
T2CON                             00000012
TMR0                              00000001
TMR0IE                            00000005
TMR0IF                            00000002
TMR1                              0000000E
TMR1CS                            00000001
TMR1H                             0000000F
TMR1IE                            00000000
TMR1IF                            00000000
TMR1L                             0000000E
TMR1ON                            00000000
TMR2                              00000011
TMR2IE                            00000001
TMR2IF                            00000001
TMR2ON                            00000002
TOUTPS0                           00000003
TOUTPS1                           00000004
TOUTPS2                           00000005
TOUTPS3                           00000006
TRISA                             00000085
TRISA0                            00000000
TRISA1                            00000001
TRISA2                            00000002
TRISA3                            00000003
TRISA4                            00000004
TRISA5                            00000005
TRISB                             00000086
TRISB0                            00000000
TRISB1                            00000001
TRISB2                            00000002
TRISB3                            00000003
TRISB4                            00000004
TRISB5                            00000005
TRISB6                            00000006
TRISB7                            00000007
TRISC                             00000087
TRISC0                            00000000
TRISC1                            00000001
TRISC2                            00000002
TRISC3                            00000003
TRISC4                            00000004
TRISC5                            00000005
TRISC6                            00000006
TRISC7                            00000007
TRISD                             00000088
TRISD0                            00000000
TRISD1                            00000001
TRISD2                            00000002
TRISD3                            00000003
TRISD4                            00000004
MPASM 5.84                          MAIN.ASM   1-15-2022  13:42:38         PAGE  9


SYMBOL TABLE
  LABEL                             VALUE 

TRISD5                            00000005
TRISD6                            00000006
TRISD7                            00000007
TRISE                             00000089
TRISE0                            00000000
TRISE1                            00000001
TRISE2                            00000002
TRMT                              00000001
TX8_9                             00000006
TX9                               00000006
TX9D                              00000000
TXD8                              00000000
TXEN                              00000005
TXIE                              00000004
TXIF                              00000004
TXREG                             00000019
TXSTA                             00000098
UA                                00000001
W                                 00000000
WCOL                              00000007
WR                                00000001
WREN                              00000002
WRERR                             00000003
Z                                 00000002
_.org_0_0056                      00000056
_BODEN_OFF                        00003FBF
_BODEN_ON                         00003FFF
_BOREN_OFF                        00003FBF
_BOREN_ON                         00003FFF
_CONFIG                           00002007
_CPD_OFF                          00003FFF
_CPD_ON                           00003EFF
_CP_ALL                           00000FCF
_CP_HALF                          00001FDF
_CP_OFF                           00003FFF
_CP_UPPER_256                     00002FEF
_DEBUG_OFF                        00003FFF
_DEBUG_ON                         000037FF
_DEVID1                           00002006
_FOSC_EXTRC                       00003FFF
_FOSC_HS                          00003FFE
_FOSC_LP                          00003FFC
_FOSC_XT                          00003FFD
_HS_OSC                           00003FFE
_IDLOC0                           00002000
_IDLOC1                           00002001
_IDLOC2                           00002002
_IDLOC3                           00002003
_LP_OSC                           00003FFC
_LVP_OFF                          00003F7F
_LVP_ON                           00003FFF
_PWRTE_OFF                        00003FFF
_PWRTE_ON                         00003FF7
MPASM 5.84                          MAIN.ASM   1-15-2022  13:42:38         PAGE 10


SYMBOL TABLE
  LABEL                             VALUE 

_RC_OSC                           00003FFF
_WDTE_OFF                         00003FFB
_WDTE_ON                          00003FFF
_WDT_OFF                          00003FFB
_WDT_ON                           00003FFF
_WRT_ENABLE_OFF                   00003DFF
_WRT_ENABLE_ON                    00003FFF
_WRT_OFF                          00003DFF
_WRT_ON                           00003FFF
_XT_OSC                           00003FFD
__16F877A                         00000001
box                               00000022
errorr                            00000051
if_1_1_else                       0000004E
if_1_1_less_than_4                00000047
if_1_less_than_3                  00000040
if_2_1_else                       0000003D
if_2_less_than_7                  00000036
if_3_1_less_than_6                00000025
if_3_2_else                       00000033
if_3_2_less_than_8                0000002C
next_statement                    00000054
x                                 00000020
y                                 00000021

Errors   :     1
Warnings :    16 reported,     0 suppressed
Messages :     3 reported,     0 suppressed

