Warning[205] C:\USERS\MESUT\MPLABXPROJECTS\LAB03.X\MAIN.ASM 4 : Found directive in column 1. (LIST)
Warning[205] C:\USERS\MESUT\MPLABXPROJECTS\LAB03.X\MAIN.ASM 5 : Found directive in column 1. (INCLUDE)
Message[301] C:\PROGRAM FILES (X86)\MICROCHIP\MPLABX\V5.20\MPASMX\P16F877.INC 34 : MESSAGE: (Processor-header file mismatch.  Verify selected processor.)
Warning[205] C:\USERS\MESUT\MPLABXPROJECTS\LAB03.X\MAIN.ASM 6 : Found directive in column 1. (__CONFIG)
Warning[205] C:\USERS\MESUT\MPLABXPROJECTS\LAB03.X\MAIN.ASM 7 : Found directive in column 1. (radix)
Warning[205] C:\USERS\MESUT\MPLABXPROJECTS\LAB03.X\MAIN.ASM 9 : Found directive in column 1. (org)
Warning[203] C:\USERS\MESUT\MPLABXPROJECTS\LAB03.X\MAIN.ASM 11 : Found opcode in column 1. (BSF)
Warning[203] C:\USERS\MESUT\MPLABXPROJECTS\LAB03.X\MAIN.ASM 13 : Found opcode in column 1. (CLRF)
Message[302] C:\USERS\MESUT\MPLABXPROJECTS\LAB03.X\MAIN.ASM 13 : Register in operand not in bank 0.  Ensure that bank bits are correct.
Warning[203] C:\USERS\MESUT\MPLABXPROJECTS\LAB03.X\MAIN.ASM 14 : Found opcode in column 1. (BSF)
Message[302] C:\USERS\MESUT\MPLABXPROJECTS\LAB03.X\MAIN.ASM 14 : Register in operand not in bank 0.  Ensure that bank bits are correct.
Warning[203] C:\USERS\MESUT\MPLABXPROJECTS\LAB03.X\MAIN.ASM 16 : Found opcode in column 1. (BCF)
Warning[203] C:\USERS\MESUT\MPLABXPROJECTS\LAB03.X\MAIN.ASM 18 : Found opcode in column 1. (CLRF)
Warning[207] C:\USERS\MESUT\MPLABXPROJECTS\LAB03.X\MAIN.ASM 21 : Found label after column 1. (fib0)
Warning[207] C:\USERS\MESUT\MPLABXPROJECTS\LAB03.X\MAIN.ASM 22 : Found label after column 1. (fib1)
Warning[207] C:\USERS\MESUT\MPLABXPROJECTS\LAB03.X\MAIN.ASM 23 : Found label after column 1. (fib)
Warning[207] C:\USERS\MESUT\MPLABXPROJECTS\LAB03.X\MAIN.ASM 24 : Found label after column 1. (i)
Warning[207] C:\USERS\MESUT\MPLABXPROJECTS\LAB03.X\MAIN.ASM 25 : Found label after column 1. (N)
Warning[207] C:\USERS\MESUT\MPLABXPROJECTS\LAB03.X\MAIN.ASM 26 : Found label after column 1. (temp)
Warning[205] C:\USERS\MESUT\MPLABXPROJECTS\LAB03.X\MAIN.ASM 91 : Found directive in column 1. (END)
