MPASM 5.84                          MAIN.ASM   11-18-2021  18:58:35         PAGE  1


LOC  OBJECT CODE     LINE SOURCE TEXT
  VALUE

                      00001 ;Mesut KIZILAY 152120181053
                      00002 ;Hasan Can GÖRMEZ 152120181035
                      00003 
Warning[205]: Found directive in column 1. (LIST)
                      00004 LIST P=16F877A
Warning[205]: Found directive in column 1. (INCLUDE)
                      00005 INCLUDE P16F877.INC
                      00001         LIST
                      00002 
                      00003 ;==========================================================================
                      00004 ; Build date : Mar 17 2019
                      00005 ;  MPASM PIC16F877 processor include
                      00006 ; 
                      00007 ;  (c) Copyright 1999-2019 Microchip Technology, All rights reserved
                      00008 ;==========================================================================
                      00009 
Message[301]: MESSAGE: (Processor-header file mismatch.  Verify selected processor.)
                      00541         LIST
Warning[205]: Found directive in column 1. (__CONFIG)
2007   3D71           00006 __CONFIG _CP_OFF &_WDT_OFF & _BODEN_ON & _PWRTE_ON & _XT_OSC & _WRT_ENABLE_OFF & _LVP_OFF &_DEBUG_OFF & 
                            _CPD_OFF
Warning[205]: Found directive in column 1. (radix)
                      00007 radix dec
                      00008 ; Reset vector
Warning[205]: Found directive in column 1. (org)
                      00009 org 0x00
                      00010 ; ---------- Initialization ---------------------------------
Warning[203]: Found opcode in column 1. (BSF)
0000   1683           00011 BSF         STATUS, RP0 ; Select Bank 1
                      00012 ;CLRF       TRISB       ; All pins of PORTB output
Warning[203]: Found opcode in column 1. (CLRF)
Message[302]: Register in operand not in bank 0.  Ensure that bank bits are correct.
0001   0188           00013 CLRF        TRISD       ; All pins of PORTD output
Warning[203]: Found opcode in column 1. (BSF)
Message[302]: Register in operand not in bank 0.  Ensure that bank bits are correct.
0002   1586           00014 BSF         TRISB,3
                      00015     
Warning[203]: Found opcode in column 1. (BCF)
0003   1283           00016 BCF         STATUS, RP0 ; Select Bank 0
                      00017 ;CLRF       PORTB       ; All LEDs off  
Warning[203]: Found opcode in column 1. (CLRF)
0004   0188           00018 CLRF        PORTD       ; All LEDs off  
                      00019 ; ---------- Your code starts here --------------------------
                      00020     
Warning[207]: Found label after column 1. (fib0)
  00000020            00021    fib0 EQU 0x20
Warning[207]: Found label after column 1. (fib1)
  00000021            00022    fib1 EQU 0x21
Warning[207]: Found label after column 1. (fib)
  00000022            00023    fib  EQU 0X22
Warning[207]: Found label after column 1. (i)
  00000023            00024    i    EQU 0x23
Warning[207]: Found label after column 1. (N)
MPASM 5.84                          MAIN.ASM   11-18-2021  18:58:35         PAGE  2


LOC  OBJECT CODE     LINE SOURCE TEXT
  VALUE

  00000024            00025    N    EQU 0x24
Warning[207]: Found label after column 1. (temp)
  00000025            00026    temp EQU 0x25
                      00027  
                      00028         
0005   300D           00029    MOVLW d'13'
0006   00A4           00030    MOVWF N
                      00031    
0007   3002           00032    MOVLW d'2'
0008   00A3           00033    MOVWF i
                      00034    
0009   3000           00035    MOVLW d'0'
000A   00A0           00036    MOVWF fib0
                      00037    
000B   3001           00038    MOVLW d'1'
000C   00A1           00039    MOVWF fib1
                      00040    
000D                  00041 loop_begin      
                      00042         ; Check if i<=N? If not, we will terminate the loop
                      00043         ; The loop terminates when i > N or N < i.
000D   0823           00044         MOVF    i, W                ; WREG = i
000E   0224           00045         SUBWF   N, W                ; WREG = N - i
000F   1C03           00046         BTFSS   STATUS, C           ; No carry means N < i. Carry means N >= i or i <= N
0010   2???           00047         GOTO    loop_end            ; when i > N, the loop terminates
0011                  00048 loop_body                           ; This label is not necessary. I put it just for clarification purpo
                            ses     
0011   0820           00049         MOVF fib0,W
0012   0721           00050         ADDWF fib1,W
0013   00A2           00051         MOVWF fib
                      00052         
0014   0821           00053         MOVF fib1,W
0015   00A0           00054         MOVWF fib0
                      00055         
0016   0822           00056         MOVF fib,W
0017   00A1           00057         MOVWF fib1
                      00058         
0018   0AA3           00059         INCF    i, F
                      00060         
0019   2???           00061         CALL Delay250ms
                      00062         
001A   0822           00063         MOVF fib,W
001B   0088           00064         MOVWF PORTD
                      00065         
001C                  00066 BUSY_LOOP_BEGIN
001C   1986           00067         BTFSC PORTB, 3
001D   2???           00068         GOTO  BUSY_LOOP_BEGIN
                      00069         
001E   2???           00070         GOTO  loop_begin
                      00071         
001F                  00072 loop_end
                      00073 
001F                  00074 Delay250ms:
  00000070            00075 k       EQU         0x70                    ; Use memory slot 0x70
MPASM 5.84                          MAIN.ASM   11-18-2021  18:58:35         PAGE  3


LOC  OBJECT CODE     LINE SOURCE TEXT
  VALUE

  00000071            00076 j       EQU         0x71                    ; Use memory slot 0x71
001F   30FA           00077         MOVLW       d'250'                  ; 
0020   00F0           00078         MOVWF       k                       ; k = 250
0021                  00079 Delay250ms_OuterLoop
0021   30FA           00080         MOVLW       d'250'
0022   00F1           00081         MOVWF       j                       ; j = 250
0023                  00082 Delay250ms_InnerLoop    
0023   0000           00083         NOP
0024   0BF1           00084         DECFSZ      j, F                    ; j--
0025   2???           00085         GOTO        Delay250ms_InnerLoop
                      00086 
0026   0BF0           00087         DECFSZ      k, F                    ; k?
0027   2???           00088         GOTO        Delay250ms_OuterLoop    
0028   0008           00089         RETURN  
0029   2???           00090 lOOP GOTO       $       
Warning[205]: Found directive in column 1. (END)
3D71                  00091 END
MPASM 5.84                          MAIN.ASM   11-18-2021  18:58:35         PAGE  4


SYMBOL TABLE
  LABEL                             VALUE 

ACKDT                             00000005
ACKEN                             00000004
ACKSTAT                           00000006
ADCON0                            0000001F
ADCON1                            0000009F
ADCS0                             00000006
ADCS1                             00000007
ADDEN                             00000003
ADFM                              00000007
ADIE                              00000006
ADIF                              00000006
ADON                              00000000
ADRESH                            0000001E
ADRESL                            0000009E
BCLIE                             00000003
BCLIF                             00000003
BF                                00000000
BRGH                              00000002
BUSY_LOOP_BEGIN                   0000001C
C                                 00000000
CCP1CON                           00000017
CCP1IE                            00000002
CCP1IF                            00000002
CCP1M0                            00000000
CCP1M1                            00000001
CCP1M2                            00000002
CCP1M3                            00000003
CCP1X                             00000005
CCP1Y                             00000004
CCP2CON                           0000001D
CCP2IE                            00000000
CCP2IF                            00000000
CCP2M0                            00000000
CCP2M1                            00000001
CCP2M2                            00000002
CCP2M3                            00000003
CCP2X                             00000005
CCP2Y                             00000004
CCPR1                             00000015
CCPR1H                            00000016
CCPR1L                            00000015
CCPR2                             0000001B
CCPR2H                            0000001C
CCPR2L                            0000001B
CHS0                              00000003
CHS1                              00000004
CHS2                              00000005
CKE                               00000006
CKP                               00000004
CREN                              00000004
CSRC                              00000007
D                                 00000005
DATA_ADDRESS                      00000005
MPASM 5.84                          MAIN.ASM   11-18-2021  18:58:35         PAGE  5


SYMBOL TABLE
  LABEL                             VALUE 

DC                                00000001
D_A                               00000005
D_NOT_A                           00000005
Delay250ms                        0000001F
Delay250ms_InnerLoop              00000023
Delay250ms_OuterLoop              00000021
EEADR                             0000010D
EEADRH                            0000010F
EECON1                            0000018C
EECON2                            0000018D
EEDATA                            0000010C
EEDATH                            0000010E
EEIE                              00000004
EEIF                              00000004
EEPGD                             00000007
F                                 00000001
FERR                              00000002
FSR                               00000004
GCEN                              00000007
GIE                               00000007
GO                                00000002
GO_DONE                           00000002
GO_NOT_DONE                       00000002
I2C_DATA                          00000005
I2C_READ                          00000002
I2C_START                         00000003
I2C_STOP                          00000004
IBF                               00000007
IBOV                              00000005
INDF                              00000000
INTCON                            0000000B
INTE                              00000004
INTEDG                            00000006
INTF                              00000001
IRP                               00000007
N                                 00000024
NOT_A                             00000005
NOT_ADDRESS                       00000005
NOT_BO                            00000000
NOT_BOR                           00000000
NOT_DONE                          00000002
NOT_PD                            00000003
NOT_POR                           00000001
NOT_RBPU                          00000007
NOT_RC8                           00000006
NOT_T1SYNC                        00000002
NOT_TO                            00000004
NOT_TX8                           00000006
NOT_W                             00000002
NOT_WRITE                         00000002
OBF                               00000006
OERR                              00000001
OPTION_REG                        00000081
MPASM 5.84                          MAIN.ASM   11-18-2021  18:58:35         PAGE  6


SYMBOL TABLE
  LABEL                             VALUE 

P                                 00000004
PCFG0                             00000000
PCFG1                             00000001
PCFG2                             00000002
PCFG3                             00000003
PCL                               00000002
PCLATH                            0000000A
PCON                              0000008E
PEIE                              00000006
PEN                               00000002
PIE1                              0000008C
PIE2                              0000008D
PIR1                              0000000C
PIR2                              0000000D
PORTA                             00000005
PORTB                             00000006
PORTC                             00000007
PORTD                             00000008
PORTE                             00000009
PR2                               00000092
PS0                               00000000
PS1                               00000001
PS2                               00000002
PSA                               00000003
PSPIE                             00000007
PSPIF                             00000007
PSPMODE                           00000004
R                                 00000002
RA0                               00000000
RA1                               00000001
RA2                               00000002
RA3                               00000003
RA4                               00000004
RA5                               00000005
RB0                               00000000
RB1                               00000001
RB2                               00000002
RB3                               00000003
RB4                               00000004
RB5                               00000005
RB6                               00000006
RB7                               00000007
RBIE                              00000003
RBIF                              00000000
RC0                               00000000
RC1                               00000001
RC2                               00000002
RC3                               00000003
RC4                               00000004
RC5                               00000005
RC6                               00000006
RC7                               00000007
RC8_9                             00000006
MPASM 5.84                          MAIN.ASM   11-18-2021  18:58:35         PAGE  7


SYMBOL TABLE
  LABEL                             VALUE 

RC9                               00000006
RCD8                              00000000
RCEN                              00000003
RCIE                              00000005
RCIF                              00000005
RCREG                             0000001A
RCSTA                             00000018
RD                                00000000
RD0                               00000000
RD1                               00000001
RD2                               00000002
RD3                               00000003
RD4                               00000004
RD5                               00000005
RD6                               00000006
RD7                               00000007
RE0                               00000000
RE1                               00000001
RE2                               00000002
READ_WRITE                        00000002
RP0                               00000005
RP1                               00000006
RSEN                              00000001
RX9                               00000006
RX9D                              00000000
R_NOT_W                           00000002
R_W                               00000002
S                                 00000003
SEN                               00000000
SMP                               00000007
SPBRG                             00000099
SPEN                              00000007
SREN                              00000005
SSPADD                            00000093
SSPBUF                            00000013
SSPCON                            00000014
SSPCON2                           00000091
SSPEN                             00000005
SSPIE                             00000003
SSPIF                             00000003
SSPM0                             00000000
SSPM1                             00000001
SSPM2                             00000002
SSPM3                             00000003
SSPOV                             00000006
SSPSTAT                           00000094
STATUS                            00000003
SYNC                              00000004
T0CS                              00000005
T0IE                              00000005
T0IF                              00000002
T0SE                              00000004
T1CKPS0                           00000004
MPASM 5.84                          MAIN.ASM   11-18-2021  18:58:35         PAGE  8


SYMBOL TABLE
  LABEL                             VALUE 

T1CKPS1                           00000005
T1CON                             00000010
T1INSYNC                          00000002
T1OSCEN                           00000003
T1SYNC                            00000002
T2CKPS0                           00000000
T2CKPS1                           00000001
T2CON                             00000012
TMR0                              00000001
TMR0IE                            00000005
TMR0IF                            00000002
TMR1                              0000000E
TMR1CS                            00000001
TMR1H                             0000000F
TMR1IE                            00000000
TMR1IF                            00000000
TMR1L                             0000000E
TMR1ON                            00000000
TMR2                              00000011
TMR2IE                            00000001
TMR2IF                            00000001
TMR2ON                            00000002
TOUTPS0                           00000003
TOUTPS1                           00000004
TOUTPS2                           00000005
TOUTPS3                           00000006
TRISA                             00000085
TRISA0                            00000000
TRISA1                            00000001
TRISA2                            00000002
TRISA3                            00000003
TRISA4                            00000004
TRISA5                            00000005
TRISB                             00000086
TRISB0                            00000000
TRISB1                            00000001
TRISB2                            00000002
TRISB3                            00000003
TRISB4                            00000004
TRISB5                            00000005
TRISB6                            00000006
TRISB7                            00000007
TRISC                             00000087
TRISC0                            00000000
TRISC1                            00000001
TRISC2                            00000002
TRISC3                            00000003
TRISC4                            00000004
TRISC5                            00000005
TRISC6                            00000006
TRISC7                            00000007
TRISD                             00000088
TRISD0                            00000000
MPASM 5.84                          MAIN.ASM   11-18-2021  18:58:35         PAGE  9


SYMBOL TABLE
  LABEL                             VALUE 

TRISD1                            00000001
TRISD2                            00000002
TRISD3                            00000003
TRISD4                            00000004
TRISD5                            00000005
TRISD6                            00000006
TRISD7                            00000007
TRISE                             00000089
TRISE0                            00000000
TRISE1                            00000001
TRISE2                            00000002
TRMT                              00000001
TX8_9                             00000006
TX9                               00000006
TX9D                              00000000
TXD8                              00000000
TXEN                              00000005
TXIE                              00000004
TXIF                              00000004
TXREG                             00000019
TXSTA                             00000098
UA                                00000001
W                                 00000000
WCOL                              00000007
WR                                00000001
WREN                              00000002
WRERR                             00000003
Z                                 00000002
_.org_0_0029                      00000029
_BODEN_OFF                        00003FBF
_BODEN_ON                         00003FFF
_BOREN_OFF                        00003FBF
_BOREN_ON                         00003FFF
_CONFIG                           00002007
_CPD_OFF                          00003FFF
_CPD_ON                           00003EFF
_CP_ALL                           00000FCF
_CP_HALF                          00001FDF
_CP_OFF                           00003FFF
_CP_UPPER_256                     00002FEF
_DEBUG_OFF                        00003FFF
_DEBUG_ON                         000037FF
_DEVID1                           00002006
_FOSC_EXTRC                       00003FFF
_FOSC_HS                          00003FFE
_FOSC_LP                          00003FFC
_FOSC_XT                          00003FFD
_HS_OSC                           00003FFE
_IDLOC0                           00002000
_IDLOC1                           00002001
_IDLOC2                           00002002
_IDLOC3                           00002003
_LP_OSC                           00003FFC
MPASM 5.84                          MAIN.ASM   11-18-2021  18:58:35         PAGE 10


SYMBOL TABLE
  LABEL                             VALUE 

_LVP_OFF                          00003F7F
_LVP_ON                           00003FFF
_PWRTE_OFF                        00003FFF
_PWRTE_ON                         00003FF7
_RC_OSC                           00003FFF
_WDTE_OFF                         00003FFB
_WDTE_ON                          00003FFF
_WDT_OFF                          00003FFB
_WDT_ON                           00003FFF
_WRT_ENABLE_OFF                   00003DFF
_WRT_ENABLE_ON                    00003FFF
_WRT_OFF                          00003DFF
_WRT_ON                           00003FFF
_XT_OSC                           00003FFD
__16F877A                         00000001
fib                               00000022
fib0                              00000020
fib1                              00000021
i                                 00000023
j                                 00000071
k                                 00000070
lOOP                              00000029
loop_begin                        0000000D
loop_body                         00000011
loop_end                          0000001F
temp                              00000025

Errors   :     0
Warnings :    17 reported,     0 suppressed
Messages :     3 reported,     0 suppressed

