MPASM 5.84                          MAIN.ASM   12-16-2021  21:56:34         PAGE  1


LOC  OBJECT CODE     LINE SOURCE TEXT
  VALUE

                      00001 ;Mesut KIZILAY 152120181053
                      00002 ;Hasan Can GÖRMEZ 152120181035
                      00003 
Warning[205]: Found directive in column 1. (LIST)
                      00004 LIST P=16F877A
Warning[205]: Found directive in column 1. (INCLUDE)
                      00005 INCLUDE P16F877.INC
                      00001         LIST
                      00002 
                      00003 ;==========================================================================
                      00004 ; Build date : Mar 17 2019
                      00005 ;  MPASM PIC16F877 processor include
                      00006 ; 
                      00007 ;  (c) Copyright 1999-2019 Microchip Technology, All rights reserved
                      00008 ;==========================================================================
                      00009 
Message[301]: MESSAGE: (Processor-header file mismatch.  Verify selected processor.)
                      00541         LIST
Warning[205]: Found directive in column 1. (__CONFIG)
2007   3D71           00006 __CONFIG _CP_OFF &_WDT_OFF & _BODEN_ON & _PWRTE_ON & _XT_OSC & _WRT_ENABLE_OFF & _LVP_OFF &_DEBUG_OFF & 
                            _CPD_OFF
Warning[205]: Found directive in column 1. (radix)
                      00007 radix dec
                      00008 ; Reset vector
Warning[205]: Found directive in column 1. (org)
                      00009 org 0x00
                      00010   
                      00011 ; ---------- Initialization ---------------------------------
Warning[203]: Found opcode in column 1. (BSF)
0000   1683           00012 BSF STATUS, RP0 ; Select Bank1
Warning[203]: Found opcode in column 1. (CLRF)
Message[302]: Register in operand not in bank 0.  Ensure that bank bits are correct.
0001   0186           00013 CLRF TRISB ; Set all pins of PORTB as output
Warning[203]: Found opcode in column 1. (CLRF)
Message[302]: Register in operand not in bank 0.  Ensure that bank bits are correct.
0002   0188           00014 CLRF TRISD ; Set all pins of PORTD as output
Warning[203]: Found opcode in column 1. (BCF)
0003   1283           00015 BCF STATUS, RP0 ; Select Bank0
Warning[203]: Found opcode in column 1. (CLRF)
0004   0186           00016 CLRF PORTB ; Turn off all LEDs connected to PORTB
Warning[203]: Found opcode in column 1. (CLRF)
0005   0188           00017 CLRF PORTD ; Turn off all LEDs connected to PORTD
                      00018 
                      00019     
  00000020            00020 MOVE_LEFT  EQU 0x20
  00000021            00021 MOVE_RIGHT EQU 0x21
  00000022            00022 dir        EQU 0x22
  00000023            00023 val        EQU 0x23
  00000024            00024 count      EQU 0x24
                      00025 
Warning[203]: Found opcode in column 1. (MOVLW)
0006   3000           00026 MOVLW d'0'
Warning[203]: Found opcode in column 1. (MOVWF)
MPASM 5.84                          MAIN.ASM   12-16-2021  21:56:34         PAGE  2


LOC  OBJECT CODE     LINE SOURCE TEXT
  VALUE

0007   00A0           00027 MOVWF MOVE_LEFT
Warning[203]: Found opcode in column 1. (MOVWF)
0008   00A2           00028 MOVWF dir
                      00029 
Warning[203]: Found opcode in column 1. (MOVLW)
0009   3001           00030 MOVLW d'1'
Warning[203]: Found opcode in column 1. (MOVWF)
000A   00A1           00031 MOVWF MOVE_RIGHT           
Warning[203]: Found opcode in column 1. (MOVWF)
000B   00A3           00032 MOVWF val
                      00033 
000C                  00034 _WHILE     
000C   0823           00035     MOVF val,W         
000D   0088           00036     MOVWF PORTD
000E   2???           00037     CALL Delay  
                      00038 
000F   0AA4           00039     INCF count,F
                      00040 
Warning[207]: Found label after column 1. (_IF)
0010                  00041     _IF    
0010   300F           00042         MOVLW d'15'
0011   0224           00043         SUBWF count,W
0012   1D03           00044         BTFSS STATUS,Z
0013   2???           00045         GOTO _ELSE
                      00046 
0014   3000           00047         MOVLW 0x00
0015   0088           00048         MOVWF PORTD
0016   2???           00049         CALL Delay
                      00050 
0017   30FF           00051         MOVLW 0xFF
0018   0088           00052         MOVWF PORTD
0019   2???           00053         CALL Delay
                      00054 
001A   3000           00055         MOVLW 0x00
001B   0088           00056         MOVWF PORTD
001C   2???           00057         CALL Delay
                      00058 
001D   30FF           00059         MOVLW 0xFF
001E   0088           00060         MOVWF PORTD
001F   2???           00061         CALL Delay
                      00062 
0020   3000           00063         MOVLW 0x00
0021   0088           00064         MOVWF PORTD
0022   2???           00065         CALL Delay
                      00066 
0023   3001           00067         MOVLW d'1'         
0024   00A3           00068         MOVWF val
0025   01A4           00069         CLRF count         
0026   0820           00070         MOVF MOVE_LEFT,W
0027   00A2           00071         MOVWF dir
                      00072         
Warning[203]: Found opcode in column 1. (GOTO)
0028   2???           00073 GOTO _WHILE
MPASM 5.84                          MAIN.ASM   12-16-2021  21:56:34         PAGE  3


LOC  OBJECT CODE     LINE SOURCE TEXT
  VALUE

                      00074 
Warning[207]: Found label after column 1. (_ELSE)
0029                  00075     _ELSE          
0029   3080           00076         MOVLW 0x80
002A   0223           00077         SUBWF val,W
002B   1D03           00078         BTFSS STATUS,Z
002C   2???           00079         GOTO _if
                      00080 
002D   0821           00081         MOVF MOVE_RIGHT,W
002E   00A2           00082         MOVWF dir
                      00083 
Warning[207]: Found label after column 1. (_if)
002F                  00084         _if
002F   0820           00085             MOVF MOVE_LEFT,W
0030   0222           00086             SUBWF dir,W
0031   1D03           00087             BTFSS STATUS,Z
0032   2???           00088             GOTO _else
                      00089 
0033   1003           00090             BCF STATUS,C
0034   0DA3           00091             RLF val,F
0035   2???           00092             GOTO _WHILE
                      00093 
Warning[207]: Found label after column 1. (_else)
0036                  00094         _else
0036   1003           00095             BCF STATUS,C
0037   0CA3           00096             RRF val,F  
                      00097 
Warning[203]: Found opcode in column 1. (GOTO)
0038   2???           00098 GOTO _WHILE     
                      00099             
0039                  00100 Delay
0039   2???           00101     CALL Delay250ms
                      00102    ;CALL Delay500ms
003A   0008           00103     RETURN      
                      00104            
003B                  00105 Delay500ms
  00000070            00106 i       EQU         0x70
  00000071            00107 j       EQU         0x71
  00000072            00108 k       EQU         0x72
003B   3002           00109         MOVLW       d'2'
003C   00F0           00110         MOVWF       i                       ; i = 2
003D                  00111 Delay500ms_Loop1_Begin
003D   30FA           00112         MOVLW       d'250'
003E   00F1           00113         MOVWF       j                       ; j = 250
003F                  00114 Delay500ms_Loop2_Begin  
003F   30FA           00115         MOVLW       d'250'
0040   00F2           00116         MOVWF       k                       ; k = 250
0041                  00117 Delay500ms_Loop3_Begin  
0041   0000           00118         NOP                                 ; Do nothing
0042   0BF2           00119         DECFSZ      k, F                    ; k--
0043   2???           00120         GOTO        Delay500ms_Loop3_Begin
                      00121 
0044   0BF1           00122         DECFSZ      j, F                    ; j--
MPASM 5.84                          MAIN.ASM   12-16-2021  21:56:34         PAGE  4


LOC  OBJECT CODE     LINE SOURCE TEXT
  VALUE

0045   2???           00123         GOTO        Delay500ms_Loop2_Begin
                      00124 
0046   0BF0           00125         DECFSZ      i, F                    ; i?
0047   2???           00126         GOTO        Delay500ms_Loop1_Begin    
0048   0008           00127         RETURN    
                      00128         
0049                  00129 Delay250ms:
  00000070            00130 i       EQU         0x70                    ; Use memory slot 0x70
  00000071            00131 j       EQU         0x71                    ; Use memory slot 0x71
0049   30FA           00132         MOVLW       d'250'                  ; 
004A   00F0           00133         MOVWF       i                       ; i = 250
004B                  00134 Delay250ms_OuterLoop
004B   30FA           00135         MOVLW       d'250'
004C   00F1           00136         MOVWF       j                       ; j = 250
004D                  00137 Delay250ms_InnerLoop    
004D   0000           00138         NOP
004E   0BF1           00139         DECFSZ      j, F                    ; j--
004F   2???           00140         GOTO        Delay250ms_InnerLoop
                      00141 
0050   0BF0           00142         DECFSZ      i, F                    ; i?
0051   2???           00143         GOTO        Delay250ms_OuterLoop    
0052   0008           00144         RETURN
                      00145         
                      00146 
                      00147     
0053   2???           00148 LOOP GOTO  $
Warning[205]: Found directive in column 1. (END)
3D71                  00149 END
MPASM 5.84                          MAIN.ASM   12-16-2021  21:56:34         PAGE  5


SYMBOL TABLE
  LABEL                             VALUE 

ACKDT                             00000005
ACKEN                             00000004
ACKSTAT                           00000006
ADCON0                            0000001F
ADCON1                            0000009F
ADCS0                             00000006
ADCS1                             00000007
ADDEN                             00000003
ADFM                              00000007
ADIE                              00000006
ADIF                              00000006
ADON                              00000000
ADRESH                            0000001E
ADRESL                            0000009E
BCLIE                             00000003
BCLIF                             00000003
BF                                00000000
BRGH                              00000002
C                                 00000000
CCP1CON                           00000017
CCP1IE                            00000002
CCP1IF                            00000002
CCP1M0                            00000000
CCP1M1                            00000001
CCP1M2                            00000002
CCP1M3                            00000003
CCP1X                             00000005
CCP1Y                             00000004
CCP2CON                           0000001D
CCP2IE                            00000000
CCP2IF                            00000000
CCP2M0                            00000000
CCP2M1                            00000001
CCP2M2                            00000002
CCP2M3                            00000003
CCP2X                             00000005
CCP2Y                             00000004
CCPR1                             00000015
CCPR1H                            00000016
CCPR1L                            00000015
CCPR2                             0000001B
CCPR2H                            0000001C
CCPR2L                            0000001B
CHS0                              00000003
CHS1                              00000004
CHS2                              00000005
CKE                               00000006
CKP                               00000004
CREN                              00000004
CSRC                              00000007
D                                 00000005
DATA_ADDRESS                      00000005
DC                                00000001
MPASM 5.84                          MAIN.ASM   12-16-2021  21:56:34         PAGE  6


SYMBOL TABLE
  LABEL                             VALUE 

D_A                               00000005
D_NOT_A                           00000005
Delay                             00000039
Delay250ms                        00000049
Delay250ms_InnerLoop              0000004D
Delay250ms_OuterLoop              0000004B
Delay500ms                        0000003B
Delay500ms_Loop1_Begin            0000003D
Delay500ms_Loop2_Begin            0000003F
Delay500ms_Loop3_Begin            00000041
EEADR                             0000010D
EEADRH                            0000010F
EECON1                            0000018C
EECON2                            0000018D
EEDATA                            0000010C
EEDATH                            0000010E
EEIE                              00000004
EEIF                              00000004
EEPGD                             00000007
F                                 00000001
FERR                              00000002
FSR                               00000004
GCEN                              00000007
GIE                               00000007
GO                                00000002
GO_DONE                           00000002
GO_NOT_DONE                       00000002
I2C_DATA                          00000005
I2C_READ                          00000002
I2C_START                         00000003
I2C_STOP                          00000004
IBF                               00000007
IBOV                              00000005
INDF                              00000000
INTCON                            0000000B
INTE                              00000004
INTEDG                            00000006
INTF                              00000001
IRP                               00000007
LOOP                              00000053
MOVE_LEFT                         00000020
MOVE_RIGHT                        00000021
NOT_A                             00000005
NOT_ADDRESS                       00000005
NOT_BO                            00000000
NOT_BOR                           00000000
NOT_DONE                          00000002
NOT_PD                            00000003
NOT_POR                           00000001
NOT_RBPU                          00000007
NOT_RC8                           00000006
NOT_T1SYNC                        00000002
NOT_TO                            00000004
MPASM 5.84                          MAIN.ASM   12-16-2021  21:56:34         PAGE  7


SYMBOL TABLE
  LABEL                             VALUE 

NOT_TX8                           00000006
NOT_W                             00000002
NOT_WRITE                         00000002
OBF                               00000006
OERR                              00000001
OPTION_REG                        00000081
P                                 00000004
PCFG0                             00000000
PCFG1                             00000001
PCFG2                             00000002
PCFG3                             00000003
PCL                               00000002
PCLATH                            0000000A
PCON                              0000008E
PEIE                              00000006
PEN                               00000002
PIE1                              0000008C
PIE2                              0000008D
PIR1                              0000000C
PIR2                              0000000D
PORTA                             00000005
PORTB                             00000006
PORTC                             00000007
PORTD                             00000008
PORTE                             00000009
PR2                               00000092
PS0                               00000000
PS1                               00000001
PS2                               00000002
PSA                               00000003
PSPIE                             00000007
PSPIF                             00000007
PSPMODE                           00000004
R                                 00000002
RA0                               00000000
RA1                               00000001
RA2                               00000002
RA3                               00000003
RA4                               00000004
RA5                               00000005
RB0                               00000000
RB1                               00000001
RB2                               00000002
RB3                               00000003
RB4                               00000004
RB5                               00000005
RB6                               00000006
RB7                               00000007
RBIE                              00000003
RBIF                              00000000
RC0                               00000000
RC1                               00000001
RC2                               00000002
MPASM 5.84                          MAIN.ASM   12-16-2021  21:56:34         PAGE  8


SYMBOL TABLE
  LABEL                             VALUE 

RC3                               00000003
RC4                               00000004
RC5                               00000005
RC6                               00000006
RC7                               00000007
RC8_9                             00000006
RC9                               00000006
RCD8                              00000000
RCEN                              00000003
RCIE                              00000005
RCIF                              00000005
RCREG                             0000001A
RCSTA                             00000018
RD                                00000000
RD0                               00000000
RD1                               00000001
RD2                               00000002
RD3                               00000003
RD4                               00000004
RD5                               00000005
RD6                               00000006
RD7                               00000007
RE0                               00000000
RE1                               00000001
RE2                               00000002
READ_WRITE                        00000002
RP0                               00000005
RP1                               00000006
RSEN                              00000001
RX9                               00000006
RX9D                              00000000
R_NOT_W                           00000002
R_W                               00000002
S                                 00000003
SEN                               00000000
SMP                               00000007
SPBRG                             00000099
SPEN                              00000007
SREN                              00000005
SSPADD                            00000093
SSPBUF                            00000013
SSPCON                            00000014
SSPCON2                           00000091
SSPEN                             00000005
SSPIE                             00000003
SSPIF                             00000003
SSPM0                             00000000
SSPM1                             00000001
SSPM2                             00000002
SSPM3                             00000003
SSPOV                             00000006
SSPSTAT                           00000094
STATUS                            00000003
MPASM 5.84                          MAIN.ASM   12-16-2021  21:56:34         PAGE  9


SYMBOL TABLE
  LABEL                             VALUE 

SYNC                              00000004
T0CS                              00000005
T0IE                              00000005
T0IF                              00000002
T0SE                              00000004
T1CKPS0                           00000004
T1CKPS1                           00000005
T1CON                             00000010
T1INSYNC                          00000002
T1OSCEN                           00000003
T1SYNC                            00000002
T2CKPS0                           00000000
T2CKPS1                           00000001
T2CON                             00000012
TMR0                              00000001
TMR0IE                            00000005
TMR0IF                            00000002
TMR1                              0000000E
TMR1CS                            00000001
TMR1H                             0000000F
TMR1IE                            00000000
TMR1IF                            00000000
TMR1L                             0000000E
TMR1ON                            00000000
TMR2                              00000011
TMR2IE                            00000001
TMR2IF                            00000001
TMR2ON                            00000002
TOUTPS0                           00000003
TOUTPS1                           00000004
TOUTPS2                           00000005
TOUTPS3                           00000006
TRISA                             00000085
TRISA0                            00000000
TRISA1                            00000001
TRISA2                            00000002
TRISA3                            00000003
TRISA4                            00000004
TRISA5                            00000005
TRISB                             00000086
TRISB0                            00000000
TRISB1                            00000001
TRISB2                            00000002
TRISB3                            00000003
TRISB4                            00000004
TRISB5                            00000005
TRISB6                            00000006
TRISB7                            00000007
TRISC                             00000087
TRISC0                            00000000
TRISC1                            00000001
TRISC2                            00000002
TRISC3                            00000003
MPASM 5.84                          MAIN.ASM   12-16-2021  21:56:34         PAGE 10


SYMBOL TABLE
  LABEL                             VALUE 

TRISC4                            00000004
TRISC5                            00000005
TRISC6                            00000006
TRISC7                            00000007
TRISD                             00000088
TRISD0                            00000000
TRISD1                            00000001
TRISD2                            00000002
TRISD3                            00000003
TRISD4                            00000004
TRISD5                            00000005
TRISD6                            00000006
TRISD7                            00000007
TRISE                             00000089
TRISE0                            00000000
TRISE1                            00000001
TRISE2                            00000002
TRMT                              00000001
TX8_9                             00000006
TX9                               00000006
TX9D                              00000000
TXD8                              00000000
TXEN                              00000005
TXIE                              00000004
TXIF                              00000004
TXREG                             00000019
TXSTA                             00000098
UA                                00000001
W                                 00000000
WCOL                              00000007
WR                                00000001
WREN                              00000002
WRERR                             00000003
Z                                 00000002
_.org_0_0053                      00000053
_BODEN_OFF                        00003FBF
_BODEN_ON                         00003FFF
_BOREN_OFF                        00003FBF
_BOREN_ON                         00003FFF
_CONFIG                           00002007
_CPD_OFF                          00003FFF
_CPD_ON                           00003EFF
_CP_ALL                           00000FCF
_CP_HALF                          00001FDF
_CP_OFF                           00003FFF
_CP_UPPER_256                     00002FEF
_DEBUG_OFF                        00003FFF
_DEBUG_ON                         000037FF
_DEVID1                           00002006
_ELSE                             00000029
_FOSC_EXTRC                       00003FFF
_FOSC_HS                          00003FFE
_FOSC_LP                          00003FFC
MPASM 5.84                          MAIN.ASM   12-16-2021  21:56:34         PAGE 11


SYMBOL TABLE
  LABEL                             VALUE 

_FOSC_XT                          00003FFD
_HS_OSC                           00003FFE
_IDLOC0                           00002000
_IDLOC1                           00002001
_IDLOC2                           00002002
_IDLOC3                           00002003
_IF                               00000010
_LP_OSC                           00003FFC
_LVP_OFF                          00003F7F
_LVP_ON                           00003FFF
_PWRTE_OFF                        00003FFF
_PWRTE_ON                         00003FF7
_RC_OSC                           00003FFF
_WDTE_OFF                         00003FFB
_WDTE_ON                          00003FFF
_WDT_OFF                          00003FFB
_WDT_ON                           00003FFF
_WHILE                            0000000C
_WRT_ENABLE_OFF                   00003DFF
_WRT_ENABLE_ON                    00003FFF
_WRT_OFF                          00003DFF
_WRT_ON                           00003FFF
_XT_OSC                           00003FFD
__16F877A                         00000001
_else                             00000036
_if                               0000002F
count                             00000024
dir                               00000022
i                                 00000070
j                                 00000071
k                                 00000072
val                               00000023

Errors   :     0
Warnings :    24 reported,     0 suppressed
Messages :     3 reported,     0 suppressed

