Warning[205] C:\USERS\MESUT\MPLABXPROJECTS\LAB05.X\MAIN.ASM 4 : Found directive in column 1. (LIST)
Warning[205] C:\USERS\MESUT\MPLABXPROJECTS\LAB05.X\MAIN.ASM 5 : Found directive in column 1. (INCLUDE)
Message[301] C:\PROGRAM FILES (X86)\MICROCHIP\MPLABX\V5.20\MPASMX\P16F877.INC 34 : MESSAGE: (Processor-header file mismatch.  Verify selected processor.)
Warning[205] C:\USERS\MESUT\MPLABXPROJECTS\LAB05.X\MAIN.ASM 6 : Found directive in column 1. (__CONFIG)
Warning[205] C:\USERS\MESUT\MPLABXPROJECTS\LAB05.X\MAIN.ASM 7 : Found directive in column 1. (radix)
Warning[205] C:\USERS\MESUT\MPLABXPROJECTS\LAB05.X\MAIN.ASM 9 : Found directive in column 1. (org)
Warning[203] C:\USERS\MESUT\MPLABXPROJECTS\LAB05.X\MAIN.ASM 12 : Found opcode in column 1. (BSF)
Warning[203] C:\USERS\MESUT\MPLABXPROJECTS\LAB05.X\MAIN.ASM 13 : Found opcode in column 1. (CLRF)
Message[302] C:\USERS\MESUT\MPLABXPROJECTS\LAB05.X\MAIN.ASM 13 : Register in operand not in bank 0.  Ensure that bank bits are correct.
Warning[203] C:\USERS\MESUT\MPLABXPROJECTS\LAB05.X\MAIN.ASM 14 : Found opcode in column 1. (CLRF)
Message[302] C:\USERS\MESUT\MPLABXPROJECTS\LAB05.X\MAIN.ASM 14 : Register in operand not in bank 0.  Ensure that bank bits are correct.
Warning[203] C:\USERS\MESUT\MPLABXPROJECTS\LAB05.X\MAIN.ASM 15 : Found opcode in column 1. (BCF)
Warning[203] C:\USERS\MESUT\MPLABXPROJECTS\LAB05.X\MAIN.ASM 16 : Found opcode in column 1. (CLRF)
Warning[203] C:\USERS\MESUT\MPLABXPROJECTS\LAB05.X\MAIN.ASM 17 : Found opcode in column 1. (CLRF)
Warning[203] C:\USERS\MESUT\MPLABXPROJECTS\LAB05.X\MAIN.ASM 26 : Found opcode in column 1. (MOVLW)
Warning[203] C:\USERS\MESUT\MPLABXPROJECTS\LAB05.X\MAIN.ASM 27 : Found opcode in column 1. (MOVWF)
Warning[203] C:\USERS\MESUT\MPLABXPROJECTS\LAB05.X\MAIN.ASM 28 : Found opcode in column 1. (MOVWF)
Warning[203] C:\USERS\MESUT\MPLABXPROJECTS\LAB05.X\MAIN.ASM 30 : Found opcode in column 1. (MOVLW)
Warning[203] C:\USERS\MESUT\MPLABXPROJECTS\LAB05.X\MAIN.ASM 31 : Found opcode in column 1. (MOVWF)
Warning[203] C:\USERS\MESUT\MPLABXPROJECTS\LAB05.X\MAIN.ASM 32 : Found opcode in column 1. (MOVWF)
Warning[207] C:\USERS\MESUT\MPLABXPROJECTS\LAB05.X\MAIN.ASM 41 : Found label after column 1. (_IF)
Warning[203] C:\USERS\MESUT\MPLABXPROJECTS\LAB05.X\MAIN.ASM 73 : Found opcode in column 1. (GOTO)
Warning[207] C:\USERS\MESUT\MPLABXPROJECTS\LAB05.X\MAIN.ASM 75 : Found label after column 1. (_ELSE)
Warning[207] C:\USERS\MESUT\MPLABXPROJECTS\LAB05.X\MAIN.ASM 84 : Found label after column 1. (_if)
Warning[207] C:\USERS\MESUT\MPLABXPROJECTS\LAB05.X\MAIN.ASM 94 : Found label after column 1. (_else)
Warning[203] C:\USERS\MESUT\MPLABXPROJECTS\LAB05.X\MAIN.ASM 98 : Found opcode in column 1. (GOTO)
Warning[205] C:\USERS\MESUT\MPLABXPROJECTS\LAB05.X\MAIN.ASM 149 : Found directive in column 1. (END)
