Warning[205] C:\USERS\MESUT\MPLABXPROJECTS\LAB06.X\MAIN.ASM 3 : Found directive in column 1. (LIST)
Warning[205] C:\USERS\MESUT\MPLABXPROJECTS\LAB06.X\MAIN.ASM 4 : Found directive in column 1. (INCLUDE)
Message[301] C:\PROGRAM FILES (X86)\MICROCHIP\MPLABX\V5.20\MPASMX\P16F877.INC 34 : MESSAGE: (Processor-header file mismatch.  Verify selected processor.)
Warning[205] C:\USERS\MESUT\MPLABXPROJECTS\LAB06.X\MAIN.ASM 5 : Found directive in column 1. (radix)
Warning[205] C:\USERS\MESUT\MPLABXPROJECTS\LAB06.X\MAIN.ASM 6 : Found directive in column 1. (__CONFIG)
Warning[205] C:\USERS\MESUT\MPLABXPROJECTS\LAB06.X\MAIN.ASM 9 : Found directive in column 1. (org)
Warning[203] C:\USERS\MESUT\MPLABXPROJECTS\LAB06.X\MAIN.ASM 10 : Found opcode in column 1. (BSF)
Warning[203] C:\USERS\MESUT\MPLABXPROJECTS\LAB06.X\MAIN.ASM 11 : Found opcode in column 1. (CLRF)
Message[302] C:\USERS\MESUT\MPLABXPROJECTS\LAB06.X\MAIN.ASM 11 : Register in operand not in bank 0.  Ensure that bank bits are correct.
Warning[203] C:\USERS\MESUT\MPLABXPROJECTS\LAB06.X\MAIN.ASM 12 : Found opcode in column 1. (CLRF)
Message[302] C:\USERS\MESUT\MPLABXPROJECTS\LAB06.X\MAIN.ASM 12 : Register in operand not in bank 0.  Ensure that bank bits are correct.
Warning[203] C:\USERS\MESUT\MPLABXPROJECTS\LAB06.X\MAIN.ASM 13 : Found opcode in column 1. (CLRF)
Message[302] C:\USERS\MESUT\MPLABXPROJECTS\LAB06.X\MAIN.ASM 13 : Register in operand not in bank 0.  Ensure that bank bits are correct.
Warning[203] C:\USERS\MESUT\MPLABXPROJECTS\LAB06.X\MAIN.ASM 14 : Found opcode in column 1. (BCF)
Warning[203] C:\USERS\MESUT\MPLABXPROJECTS\LAB06.X\MAIN.ASM 17 : Found opcode in column 1. (CLRF)
Warning[203] C:\USERS\MESUT\MPLABXPROJECTS\LAB06.X\MAIN.ASM 18 : Found opcode in column 1. (CLRF)
Warning[203] C:\USERS\MESUT\MPLABXPROJECTS\LAB06.X\MAIN.ASM 19 : Found opcode in column 1. (CLRF)
Warning[203] C:\USERS\MESUT\MPLABXPROJECTS\LAB06.X\MAIN.ASM 27 : Found opcode in column 1. (CLRF)
Warning[203] C:\USERS\MESUT\MPLABXPROJECTS\LAB06.X\MAIN.ASM 28 : Found opcode in column 1. (CLRF)
Warning[203] C:\USERS\MESUT\MPLABXPROJECTS\LAB06.X\MAIN.ASM 30 : Found opcode in column 1. (MOVLW)
Warning[203] C:\USERS\MESUT\MPLABXPROJECTS\LAB06.X\MAIN.ASM 31 : Found opcode in column 1. (MOVWF)
Warning[203] C:\USERS\MESUT\MPLABXPROJECTS\LAB06.X\MAIN.ASM 33 : Found opcode in column 1. (MOVLW)
Warning[203] C:\USERS\MESUT\MPLABXPROJECTS\LAB06.X\MAIN.ASM 34 : Found opcode in column 1. (MOVWF)
Warning[203] C:\USERS\MESUT\MPLABXPROJECTS\LAB06.X\MAIN.ASM 36 : Found opcode in column 1. (MOVLW)
Warning[203] C:\USERS\MESUT\MPLABXPROJECTS\LAB06.X\MAIN.ASM 37 : Found opcode in column 1. (MOVWF)
Warning[207] C:\USERS\MESUT\MPLABXPROJECTS\LAB06.X\MAIN.ASM 40 : Found label after column 1. (_FOR)
Warning[207] C:\USERS\MESUT\MPLABXPROJECTS\LAB06.X\MAIN.ASM 61 : Found label after column 1. (END_FOR)
Warning[207] C:\USERS\MESUT\MPLABXPROJECTS\LAB06.X\MAIN.ASM 66 : Found label after column 1. (_IF)
Warning[207] C:\USERS\MESUT\MPLABXPROJECTS\LAB06.X\MAIN.ASM 74 : Found label after column 1. (NEXT_IF)
Warning[207] C:\USERS\MESUT\MPLABXPROJECTS\LAB06.X\MAIN.ASM 88 : Found label after column 1. (END_IF)
Warning[203] C:\USERS\MESUT\MPLABXPROJECTS\LAB06.X\MAIN.ASM 92 : Found opcode in column 1. (ADDWF)
Warning[203] C:\USERS\MESUT\MPLABXPROJECTS\LAB06.X\MAIN.ASM 93 : Found opcode in column 1. (RETLW)
Warning[203] C:\USERS\MESUT\MPLABXPROJECTS\LAB06.X\MAIN.ASM 94 : Found opcode in column 1. (RETLW)
Warning[203] C:\USERS\MESUT\MPLABXPROJECTS\LAB06.X\MAIN.ASM 95 : Found opcode in column 1. (RETLW)
Warning[203] C:\USERS\MESUT\MPLABXPROJECTS\LAB06.X\MAIN.ASM 96 : Found opcode in column 1. (RETLW)
Warning[203] C:\USERS\MESUT\MPLABXPROJECTS\LAB06.X\MAIN.ASM 97 : Found opcode in column 1. (RETLW)
Warning[203] C:\USERS\MESUT\MPLABXPROJECTS\LAB06.X\MAIN.ASM 98 : Found opcode in column 1. (RETLW)
Warning[203] C:\USERS\MESUT\MPLABXPROJECTS\LAB06.X\MAIN.ASM 99 : Found opcode in column 1. (RETLW)
Warning[203] C:\USERS\MESUT\MPLABXPROJECTS\LAB06.X\MAIN.ASM 100 : Found opcode in column 1. (RETLW)
Warning[203] C:\USERS\MESUT\MPLABXPROJECTS\LAB06.X\MAIN.ASM 101 : Found opcode in column 1. (RETLW)
Warning[203] C:\USERS\MESUT\MPLABXPROJECTS\LAB06.X\MAIN.ASM 102 : Found opcode in column 1. (RETLW)
Warning[203] C:\USERS\MESUT\MPLABXPROJECTS\LAB06.X\MAIN.ASM 103 : Found opcode in column 1. (RETLW)
Warning[203] C:\USERS\MESUT\MPLABXPROJECTS\LAB06.X\MAIN.ASM 104 : Found opcode in column 1. (RETLW)
Warning[203] C:\USERS\MESUT\MPLABXPROJECTS\LAB06.X\MAIN.ASM 105 : Found opcode in column 1. (RETLW)
Warning[203] C:\USERS\MESUT\MPLABXPROJECTS\LAB06.X\MAIN.ASM 106 : Found opcode in column 1. (RETLW)
Warning[203] C:\USERS\MESUT\MPLABXPROJECTS\LAB06.X\MAIN.ASM 107 : Found opcode in column 1. (RETLW)
Warning[203] C:\USERS\MESUT\MPLABXPROJECTS\LAB06.X\MAIN.ASM 108 : Found opcode in column 1. (RETLW)
Warning[205] C:\USERS\MESUT\MPLABXPROJECTS\LAB06.X\MAIN.ASM 128 : Found directive in column 1. (END)
